2009/04/05 15:16:25 INFO  - jmeter.util.JMeterUtils: Setting Locale to zh_CN 
2009/04/05 15:16:25 INFO  - jmeter.JMeter: Loading user properties from: D:\Work\workspace\netbeans\PDMS\design\Tools\JMeter\jakarta-jmeter-2.3.2\bin\user.properties 
2009/04/05 15:16:25 INFO  - jmeter.JMeter: Loading system properties from: D:\Work\workspace\netbeans\PDMS\design\Tools\JMeter\jakarta-jmeter-2.3.2\bin\system.properties 
2009/04/05 15:16:25 INFO  - jmeter.JMeter: Copyright (c) 1998-2008 The Apache Software Foundation 
2009/04/05 15:16:25 INFO  - jmeter.JMeter: Version 2.3.2 r665936 
2009/04/05 15:16:25 INFO  - jmeter.JMeter: java.version=1.6.0_03 
2009/04/05 15:16:25 INFO  - jmeter.JMeter: java.vm.name=Java HotSpot(TM) Client VM 
2009/04/05 15:16:25 INFO  - jmeter.JMeter: os.name=Windows XP 
2009/04/05 15:16:25 INFO  - jmeter.JMeter: os.arch=x86 
2009/04/05 15:16:25 INFO  - jmeter.JMeter: os.version=5.1 
2009/04/05 15:16:25 INFO  - jmeter.JMeter: file.encoding=GBK 
2009/04/05 15:16:25 INFO  - jmeter.JMeter: Default Locale=中文 (中国) 
2009/04/05 15:16:25 INFO  - jmeter.JMeter: JMeter  Locale=中文 (中国) 
2009/04/05 15:16:25 INFO  - jmeter.JMeter: JMeterHome=D:\Work\workspace\netbeans\PDMS\design\Tools\JMeter\jakarta-jmeter-2.3.2 
2009/04/05 15:16:25 INFO  - jmeter.JMeter: user.dir  =D:\Work\workspace\netbeans\PDMS\design\Tools\JMeter\jakarta-jmeter-2.3.2\bin 
2009/04/05 15:16:25 INFO  - jmeter.JMeter: PWD       =D:\Work\workspace\netbeans\PDMS\design\Tools\JMeter\jakarta-jmeter-2.3.2\bin 
2009/04/05 15:16:25 INFO  - jmeter.JMeter: IP: 127.0.0.1 Name: www-3b948cd3c47 FullName: localhost 
2009/04/05 15:16:25 INFO  - jmeter.JMeter: Loaded icon properties from org/apache/jmeter/images/icon.properties 
2009/04/05 15:16:26 INFO  - jmeter.engine.util.CompoundVariable: Note: Function class names must contain the string: '.functions.' 
2009/04/05 15:16:26 INFO  - jmeter.engine.util.CompoundVariable: Note: Function class names must not contain the string: '.gui.' 
2009/04/05 15:16:27 INFO  - jmeter.protocol.http.sampler.HTTPSamplerBase: Cannot find .className property for htmlParser, using default 
2009/04/05 15:16:27 INFO  - jmeter.protocol.http.sampler.HTTPSamplerBase: Parser for text/html is  
2009/04/05 15:16:27 INFO  - jmeter.protocol.http.sampler.HTTPSamplerBase: Parser for application/xhtml+xml is  
2009/04/05 15:16:27 INFO  - jmeter.protocol.http.sampler.HTTPSamplerBase: Parser for application/xml is  
2009/04/05 15:16:27 INFO  - jmeter.protocol.http.sampler.HTTPSamplerBase: Parser for text/xml is  
2009/04/05 15:16:27 INFO  - jmeter.protocol.http.sampler.HTTPSamplerBase: Parser for text/vnd.wap.wml is org.apache.jmeter.protocol.http.parser.RegexpHTMLParser 
2009/04/05 15:16:28 INFO  - jmeter.protocol.http.sampler.HTTPSampler: Maximum connection retries = 10 
2009/04/05 15:16:28 WARN  - jmeter.gui.util.MenuFactory: Missing jar? Could not create org.apache.jmeter.visualizers.MailerVisualizer. java.lang.NoClassDefFoundError: javax/mail/MessagingException 
2009/04/05 15:16:28 INFO  - jmeter.samplers.SampleResult: Note: Sample TimeStamps are START times 
2009/04/05 15:16:28 INFO  - jmeter.samplers.SampleResult: sampleresult.default.encoding is set to ISO-8859-1 
2009/04/05 15:16:37 INFO  - jmeter.services.FileServer: Default base=D:\Work\workspace\netbeans\PDMS\design\Tools\JMeter\jakarta-jmeter-2.3.2\bin 
2009/04/05 15:16:37 INFO  - jmeter.gui.action.Load: Loading file: D:\Work\workspace\netbeans\PDMS\design\Tools\JMeter\PDMS.jmx 
2009/04/05 15:16:37 INFO  - jmeter.services.FileServer: Set new base=D:\Work\workspace\netbeans\PDMS\design\Tools\JMeter 
2009/04/05 15:16:38 INFO  - jmeter.save.SaveService: Testplan (JMX) version: 2.2. Testlog (JTL) version: 2.2 
2009/04/05 15:16:38 INFO  - jmeter.save.SaveService: Using SaveService properties file encoding UTF-8 
2009/04/05 15:16:38 INFO  - jmeter.save.SaveService: Using SaveService properties file version 661482 
2009/04/05 15:16:38 INFO  - jmeter.save.SaveService: Using SaveService properties version 2.1 
2009/04/05 15:16:38 INFO  - jmeter.save.SaveService: All converter versions present and correct 
2009/04/05 15:16:38 INFO  - jmeter.protocol.http.sampler.HTTPSampler2: Local host = www-3b948cd3c47 
2009/04/05 15:16:38 INFO  - jmeter.services.FileServer: Set new base=D:\Work\workspace\netbeans\PDMS\design\Tools\JMeter 
2009/04/05 15:16:58 INFO  - jmeter.engine.StandardJMeterEngine: Listeners will be started after enabling running version 
2009/04/05 15:16:58 INFO  - jmeter.engine.StandardJMeterEngine: To revert to the earlier behaviour, define jmeterengine.startlistenerslater=false 
2009/04/05 15:16:58 INFO  - jmeter.engine.StandardJMeterEngine: Running the test! 
2009/04/05 15:16:58 INFO  - jmeter.gui.util.JMeterMenuBar: setRunning(true,*local*) 
2009/04/05 15:16:58 INFO  - jmeter.engine.StandardJMeterEngine: Starting 5 threads for group Thread Group. Ramp up = 0. 
2009/04/05 15:16:58 INFO  - jmeter.engine.StandardJMeterEngine: Continue on error 
2009/04/05 15:16:58 INFO  - jmeter.threads.JMeterThread: jmeterthread.startearlier=true (see jmeter.properties) 
2009/04/05 15:16:58 INFO  - jmeter.threads.JMeterThread: Running PostProcessors in forward order 
2009/04/05 15:16:58 INFO  - jmeter.threads.JMeterThread: Thread Thread Group 1-4 started 
2009/04/05 15:16:58 INFO  - jmeter.threads.JMeterThread: Thread Thread Group 1-1 started 
2009/04/05 15:16:58 INFO  - jmeter.threads.JMeterThread: Thread Thread Group 1-5 started 
2009/04/05 15:16:58 INFO  - jmeter.threads.JMeterThread: Thread Thread Group 1-3 started 
2009/04/05 15:16:58 INFO  - jmeter.threads.JMeterThread: Thread Thread Group 1-2 started 
2009/04/05 15:16:58 INFO  - jmeter.threads.JMeterThread: Thread Thread Group 1-2 is done 
2009/04/05 15:16:58 INFO  - jmeter.engine.StandardJMeterEngine: Ending thread Thread Group 1-2 
2009/04/05 15:16:59 INFO  - jmeter.threads.JMeterThread: Thread Thread Group 1-4 is done 
2009/04/05 15:16:59 INFO  - jmeter.engine.StandardJMeterEngine: Ending thread Thread Group 1-4 
2009/04/05 15:16:59 INFO  - jmeter.threads.JMeterThread: Thread Thread Group 1-1 is done 
2009/04/05 15:16:59 INFO  - jmeter.engine.StandardJMeterEngine: Ending thread Thread Group 1-1 
2009/04/05 15:16:59 INFO  - jmeter.threads.JMeterThread: Thread Thread Group 1-3 is done 
2009/04/05 15:16:59 INFO  - jmeter.engine.StandardJMeterEngine: Ending thread Thread Group 1-3 
2009/04/05 15:16:59 INFO  - jmeter.threads.JMeterThread: Thread Thread Group 1-5 is done 
2009/04/05 15:16:59 INFO  - jmeter.engine.StandardJMeterEngine: Ending thread Thread Group 1-5 
2009/04/05 15:16:59 INFO  - jmeter.engine.StandardJMeterEngine: Stopping test 
2009/04/05 15:16:59 INFO  - jmeter.engine.StandardJMeterEngine: Notifying test listeners of end of test 
2009/04/05 15:16:59 INFO  - jmeter.gui.util.JMeterMenuBar: setRunning(false,*local*) 
2009/04/05 15:16:59 INFO  - jmeter.engine.StandardJMeterEngine: Test has ended 
2009/04/05 15:18:01 INFO  - jmeter.engine.StandardJMeterEngine: Running the test! 
2009/04/05 15:18:01 INFO  - jmeter.gui.util.JMeterMenuBar: setRunning(true,*local*) 
2009/04/05 15:18:01 INFO  - jmeter.engine.StandardJMeterEngine: Starting 5 threads for group Thread Group. Ramp up = 0. 
2009/04/05 15:18:01 INFO  - jmeter.engine.StandardJMeterEngine: Continue on error 
2009/04/05 15:18:01 INFO  - jmeter.threads.JMeterThread: Thread Thread Group 1-1 started 
2009/04/05 15:18:01 INFO  - jmeter.threads.JMeterThread: Thread Thread Group 1-2 started 
2009/04/05 15:18:01 INFO  - jmeter.threads.JMeterThread: Thread Thread Group 1-3 started 
2009/04/05 15:18:01 INFO  - jmeter.threads.JMeterThread: Thread Thread Group 1-4 started 
2009/04/05 15:18:01 INFO  - jmeter.threads.JMeterThread: Thread Thread Group 1-5 started 
2009/04/05 15:18:03 INFO  - jmeter.threads.JMeterThread: Thread Thread Group 1-4 is done 
2009/04/05 15:18:03 INFO  - jmeter.engine.StandardJMeterEngine: Ending thread Thread Group 1-4 
2009/04/05 15:18:03 INFO  - jmeter.threads.JMeterThread: Thread Thread Group 1-2 is done 
2009/04/05 15:18:03 INFO  - jmeter.engine.StandardJMeterEngine: Ending thread Thread Group 1-2 
2009/04/05 15:18:03 INFO  - jmeter.threads.JMeterThread: Thread Thread Group 1-5 is done 
2009/04/05 15:18:03 INFO  - jmeter.engine.StandardJMeterEngine: Ending thread Thread Group 1-5 
2009/04/05 15:18:03 INFO  - jmeter.threads.JMeterThread: Thread Thread Group 1-3 is done 
2009/04/05 15:18:03 INFO  - jmeter.engine.StandardJMeterEngine: Ending thread Thread Group 1-3 
2009/04/05 15:18:03 INFO  - jmeter.threads.JMeterThread: Thread Thread Group 1-1 is done 
2009/04/05 15:18:03 INFO  - jmeter.engine.StandardJMeterEngine: Ending thread Thread Group 1-1 
2009/04/05 15:18:03 INFO  - jmeter.engine.StandardJMeterEngine: Stopping test 
2009/04/05 15:18:03 INFO  - jmeter.engine.StandardJMeterEngine: Notifying test listeners of end of test 
2009/04/05 15:18:03 INFO  - jmeter.gui.util.JMeterMenuBar: setRunning(false,*local*) 
2009/04/05 15:18:03 INFO  - jmeter.engine.StandardJMeterEngine: Test has ended 
2009/04/05 15:18:25 INFO  - jmeter.gui.action.Load: Loading file: D:\Work\workspace\netbeans\PDMS\design\Tools\JMeter\PDMS.jmx 
2009/04/05 15:18:25 INFO  - jmeter.services.FileServer: Set new base=D:\Work\workspace\netbeans\PDMS\design\Tools\JMeter 
2009/04/05 15:18:25 INFO  - jmeter.services.FileServer: Set new base=D:\Work\workspace\netbeans\PDMS\design\Tools\JMeter 
2009/04/05 15:18:44 INFO  - jmeter.engine.StandardJMeterEngine: Running the test! 
2009/04/05 15:18:44 INFO  - jmeter.gui.util.JMeterMenuBar: setRunning(true,*local*) 
2009/04/05 15:18:44 INFO  - jmeter.engine.StandardJMeterEngine: Starting 5 threads for group Thread Group. Ramp up = 0. 
2009/04/05 15:18:44 INFO  - jmeter.engine.StandardJMeterEngine: Continue on error 
2009/04/05 15:18:44 INFO  - jmeter.threads.JMeterThread: Thread Thread Group 1-1 started 
2009/04/05 15:18:44 INFO  - jmeter.threads.JMeterThread: Thread Thread Group 1-2 started 
2009/04/05 15:18:44 INFO  - jmeter.threads.JMeterThread: Thread Thread Group 1-3 started 
2009/04/05 15:18:44 INFO  - jmeter.threads.JMeterThread: Thread Thread Group 1-5 started 
2009/04/05 15:18:44 INFO  - jmeter.threads.JMeterThread: Thread Thread Group 1-4 started 
2009/04/05 15:18:44 INFO  - jmeter.threads.JMeterThread: Thread Thread Group 1-2 is done 
2009/04/05 15:18:44 INFO  - jmeter.engine.StandardJMeterEngine: Ending thread Thread Group 1-2 
2009/04/05 15:18:44 INFO  - jmeter.threads.JMeterThread: Thread Thread Group 1-5 is done 
2009/04/05 15:18:44 INFO  - jmeter.engine.StandardJMeterEngine: Ending thread Thread Group 1-5 
2009/04/05 15:18:44 INFO  - jmeter.threads.JMeterThread: Thread Thread Group 1-4 is done 
2009/04/05 15:18:44 INFO  - jmeter.engine.StandardJMeterEngine: Ending thread Thread Group 1-4 
2009/04/05 15:18:44 INFO  - jmeter.threads.JMeterThread: Thread Thread Group 1-1 is done 
2009/04/05 15:18:44 INFO  - jmeter.engine.StandardJMeterEngine: Ending thread Thread Group 1-1 
2009/04/05 15:18:44 INFO  - jmeter.threads.JMeterThread: Thread Thread Group 1-3 is done 
2009/04/05 15:18:44 INFO  - jmeter.engine.StandardJMeterEngine: Ending thread Thread Group 1-3 
2009/04/05 15:18:44 INFO  - jmeter.engine.StandardJMeterEngine: Stopping test 
2009/04/05 15:18:44 INFO  - jmeter.engine.StandardJMeterEngine: Notifying test listeners of end of test 
2009/04/05 15:18:44 INFO  - jmeter.gui.util.JMeterMenuBar: setRunning(false,*local*) 
2009/04/05 15:18:44 INFO  - jmeter.engine.StandardJMeterEngine: Test has ended 
2009/04/05 15:18:52 INFO  - jmeter.engine.StandardJMeterEngine: Running the test! 
2009/04/05 15:18:52 INFO  - jmeter.gui.util.JMeterMenuBar: setRunning(true,*local*) 
2009/04/05 15:18:52 INFO  - jmeter.engine.StandardJMeterEngine: Starting 5 threads for group Thread Group. Ramp up = 0. 
2009/04/05 15:18:52 INFO  - jmeter.engine.StandardJMeterEngine: Continue on error 
2009/04/05 15:18:52 INFO  - jmeter.threads.JMeterThread: Thread Thread Group 1-1 started 
2009/04/05 15:18:52 INFO  - jmeter.threads.JMeterThread: Thread Thread Group 1-2 started 
2009/04/05 15:18:52 INFO  - jmeter.threads.JMeterThread: Thread Thread Group 1-3 started 
2009/04/05 15:18:52 INFO  - jmeter.threads.JMeterThread: Thread Thread Group 1-4 started 
2009/04/05 15:18:52 INFO  - jmeter.threads.JMeterThread: Thread Thread Group 1-5 started 
2009/04/05 15:18:53 INFO  - jmeter.threads.JMeterThread: Thread Thread Group 1-4 is done 
2009/04/05 15:18:53 INFO  - jmeter.engine.StandardJMeterEngine: Ending thread Thread Group 1-4 
2009/04/05 15:18:53 INFO  - jmeter.threads.JMeterThread: Thread Thread Group 1-3 is done 
2009/04/05 15:18:53 INFO  - jmeter.engine.StandardJMeterEngine: Ending thread Thread Group 1-3 
2009/04/05 15:18:53 INFO  - jmeter.threads.JMeterThread: Thread Thread Group 1-5 is done 
2009/04/05 15:18:53 INFO  - jmeter.engine.StandardJMeterEngine: Ending thread Thread Group 1-5 
2009/04/05 15:18:53 INFO  - jmeter.threads.JMeterThread: Thread Thread Group 1-1 is done 
2009/04/05 15:18:53 INFO  - jmeter.engine.StandardJMeterEngine: Ending thread Thread Group 1-1 
2009/04/05 15:18:53 INFO  - jmeter.threads.JMeterThread: Thread Thread Group 1-2 is done 
2009/04/05 15:18:53 INFO  - jmeter.engine.StandardJMeterEngine: Ending thread Thread Group 1-2 
2009/04/05 15:18:53 INFO  - jmeter.engine.StandardJMeterEngine: Stopping test 
2009/04/05 15:18:53 INFO  - jmeter.engine.StandardJMeterEngine: Notifying test listeners of end of test 
2009/04/05 15:18:53 INFO  - jmeter.gui.util.JMeterMenuBar: setRunning(false,*local*) 
2009/04/05 15:18:53 INFO  - jmeter.engine.StandardJMeterEngine: Test has ended 
2009/04/05 15:19:02 INFO  - jmeter.engine.StandardJMeterEngine: Running the test! 
2009/04/05 15:19:02 INFO  - jmeter.gui.util.JMeterMenuBar: setRunning(true,*local*) 
2009/04/05 15:19:02 INFO  - jmeter.engine.StandardJMeterEngine: Starting 5 threads for group Thread Group. Ramp up = 0. 
2009/04/05 15:19:02 INFO  - jmeter.engine.StandardJMeterEngine: Continue on error 
2009/04/05 15:19:02 INFO  - jmeter.threads.JMeterThread: Thread Thread Group 1-2 started 
2009/04/05 15:19:02 INFO  - jmeter.threads.JMeterThread: Thread Thread Group 1-3 started 
2009/04/05 15:19:02 INFO  - jmeter.threads.JMeterThread: Thread Thread Group 1-4 started 
2009/04/05 15:19:02 INFO  - jmeter.threads.JMeterThread: Thread Thread Group 1-5 started 
2009/04/05 15:19:02 INFO  - jmeter.threads.JMeterThread: Thread Thread Group 1-1 started 
2009/04/05 15:19:03 INFO  - jmeter.threads.JMeterThread: Thread Thread Group 1-3 is done 
2009/04/05 15:19:03 INFO  - jmeter.engine.StandardJMeterEngine: Ending thread Thread Group 1-3 
2009/04/05 15:19:03 INFO  - jmeter.threads.JMeterThread: Thread Thread Group 1-2 is done 
2009/04/05 15:19:03 INFO  - jmeter.engine.StandardJMeterEngine: Ending thread Thread Group 1-2 
2009/04/05 15:19:03 INFO  - jmeter.threads.JMeterThread: Thread Thread Group 1-5 is done 
2009/04/05 15:19:03 INFO  - jmeter.engine.StandardJMeterEngine: Ending thread Thread Group 1-5 
2009/04/05 15:19:03 INFO  - jmeter.threads.JMeterThread: Thread Thread Group 1-1 is done 
2009/04/05 15:19:03 INFO  - jmeter.engine.StandardJMeterEngine: Ending thread Thread Group 1-1 
2009/04/05 15:19:03 INFO  - jmeter.threads.JMeterThread: Thread Thread Group 1-4 is done 
2009/04/05 15:19:03 INFO  - jmeter.engine.StandardJMeterEngine: Ending thread Thread Group 1-4 
2009/04/05 15:19:03 INFO  - jmeter.engine.StandardJMeterEngine: Stopping test 
2009/04/05 15:19:03 INFO  - jmeter.engine.StandardJMeterEngine: Notifying test listeners of end of test 
2009/04/05 15:19:03 INFO  - jmeter.gui.util.JMeterMenuBar: setRunning(false,*local*) 
2009/04/05 15:19:03 INFO  - jmeter.engine.StandardJMeterEngine: Test has ended 
2009/04/05 15:19:15 INFO  - jmeter.engine.StandardJMeterEngine: Running the test! 
2009/04/05 15:19:15 INFO  - jmeter.gui.util.JMeterMenuBar: setRunning(true,*local*) 
2009/04/05 15:19:15 INFO  - jmeter.engine.StandardJMeterEngine: Starting 5 threads for group Thread Group. Ramp up = 0. 
2009/04/05 15:19:15 INFO  - jmeter.engine.StandardJMeterEngine: Continue on error 
2009/04/05 15:19:15 INFO  - jmeter.threads.JMeterThread: Thread Thread Group 1-1 started 
2009/04/05 15:19:15 INFO  - jmeter.threads.JMeterThread: Thread Thread Group 1-2 started 
2009/04/05 15:19:15 INFO  - jmeter.threads.JMeterThread: Thread Thread Group 1-4 started 
2009/04/05 15:19:15 INFO  - jmeter.threads.JMeterThread: Thread Thread Group 1-3 started 
2009/04/05 15:19:15 INFO  - jmeter.threads.JMeterThread: Thread Thread Group 1-5 started 
2009/04/05 15:19:15 INFO  - jmeter.threads.JMeterThread: Thread Thread Group 1-5 is done 
2009/04/05 15:19:15 INFO  - jmeter.engine.StandardJMeterEngine: Ending thread Thread Group 1-5 
2009/04/05 15:19:15 INFO  - jmeter.threads.JMeterThread: Thread Thread Group 1-4 is done 
2009/04/05 15:19:15 INFO  - jmeter.engine.StandardJMeterEngine: Ending thread Thread Group 1-4 
2009/04/05 15:19:15 INFO  - jmeter.threads.JMeterThread: Thread Thread Group 1-2 is done 
2009/04/05 15:19:15 INFO  - jmeter.engine.StandardJMeterEngine: Ending thread Thread Group 1-2 
2009/04/05 15:19:15 INFO  - jmeter.threads.JMeterThread: Thread Thread Group 1-1 is done 
2009/04/05 15:19:15 INFO  - jmeter.engine.StandardJMeterEngine: Ending thread Thread Group 1-1 
2009/04/05 15:19:15 INFO  - jmeter.threads.JMeterThread: Thread Thread Group 1-3 is done 
2009/04/05 15:19:15 INFO  - jmeter.engine.StandardJMeterEngine: Ending thread Thread Group 1-3 
2009/04/05 15:19:15 INFO  - jmeter.engine.StandardJMeterEngine: Stopping test 
2009/04/05 15:19:15 INFO  - jmeter.engine.StandardJMeterEngine: Notifying test listeners of end of test 
2009/04/05 15:19:15 INFO  - jmeter.gui.util.JMeterMenuBar: setRunning(false,*local*) 
2009/04/05 15:19:15 INFO  - jmeter.engine.StandardJMeterEngine: Test has ended 
2009/04/05 15:19:28 INFO  - jmeter.engine.StandardJMeterEngine: Running the test! 
2009/04/05 15:19:28 INFO  - jmeter.gui.util.JMeterMenuBar: setRunning(true,*local*) 
2009/04/05 15:19:28 INFO  - jmeter.engine.StandardJMeterEngine: Starting 5 threads for group Thread Group. Ramp up = 0. 
2009/04/05 15:19:28 INFO  - jmeter.engine.StandardJMeterEngine: Continue on error 
2009/04/05 15:19:28 INFO  - jmeter.threads.JMeterThread: Thread Thread Group 1-1 started 
2009/04/05 15:19:28 INFO  - jmeter.threads.JMeterThread: Thread Thread Group 1-3 started 
2009/04/05 15:19:28 INFO  - jmeter.threads.JMeterThread: Thread Thread Group 1-5 started 
2009/04/05 15:19:28 INFO  - jmeter.threads.JMeterThread: Thread Thread Group 1-4 started 
2009/04/05 15:19:28 INFO  - jmeter.threads.JMeterThread: Thread Thread Group 1-2 started 
2009/04/05 15:19:29 INFO  - jmeter.threads.JMeterThread: Thread Thread Group 1-3 is done 
2009/04/05 15:19:29 INFO  - jmeter.engine.StandardJMeterEngine: Ending thread Thread Group 1-3 
2009/04/05 15:19:29 INFO  - jmeter.threads.JMeterThread: Thread Thread Group 1-2 is done 
2009/04/05 15:19:29 INFO  - jmeter.engine.StandardJMeterEngine: Ending thread Thread Group 1-2 
2009/04/05 15:19:29 INFO  - jmeter.threads.JMeterThread: Thread Thread Group 1-1 is done 
2009/04/05 15:19:29 INFO  - jmeter.engine.StandardJMeterEngine: Ending thread Thread Group 1-1 
2009/04/05 15:19:29 INFO  - jmeter.threads.JMeterThread: Thread Thread Group 1-5 is done 
2009/04/05 15:19:29 INFO  - jmeter.engine.StandardJMeterEngine: Ending thread Thread Group 1-5 
2009/04/05 15:19:29 INFO  - jmeter.threads.JMeterThread: Thread Thread Group 1-4 is done 
2009/04/05 15:19:29 INFO  - jmeter.engine.StandardJMeterEngine: Ending thread Thread Group 1-4 
2009/04/05 15:19:29 INFO  - jmeter.engine.StandardJMeterEngine: Stopping test 
2009/04/05 15:19:29 INFO  - jmeter.engine.StandardJMeterEngine: Notifying test listeners of end of test 
2009/04/05 15:19:29 INFO  - jmeter.gui.util.JMeterMenuBar: setRunning(false,*local*) 
2009/04/05 15:19:29 INFO  - jmeter.engine.StandardJMeterEngine: Test has ended 
2009/04/05 15:19:36 INFO  - jmeter.engine.StandardJMeterEngine: Running the test! 
2009/04/05 15:19:36 INFO  - jmeter.gui.util.JMeterMenuBar: setRunning(true,*local*) 
2009/04/05 15:19:36 INFO  - jmeter.engine.StandardJMeterEngine: Starting 5 threads for group Thread Group. Ramp up = 0. 
2009/04/05 15:19:36 INFO  - jmeter.engine.StandardJMeterEngine: Continue on error 
2009/04/05 15:19:36 INFO  - jmeter.threads.JMeterThread: Thread Thread Group 1-1 started 
2009/04/05 15:19:36 INFO  - jmeter.threads.JMeterThread: Thread Thread Group 1-4 started 
2009/04/05 15:19:36 INFO  - jmeter.threads.JMeterThread: Thread Thread Group 1-3 started 
2009/04/05 15:19:36 INFO  - jmeter.threads.JMeterThread: Thread Thread Group 1-2 started 
2009/04/05 15:19:36 INFO  - jmeter.threads.JMeterThread: Thread Thread Group 1-5 started 
2009/04/05 15:19:36 INFO  - jmeter.threads.JMeterThread: Thread Thread Group 1-4 is done 
2009/04/05 15:19:36 INFO  - jmeter.engine.StandardJMeterEngine: Ending thread Thread Group 1-4 
2009/04/05 15:19:37 INFO  - jmeter.threads.JMeterThread: Thread Thread Group 1-2 is done 
2009/04/05 15:19:37 INFO  - jmeter.engine.StandardJMeterEngine: Ending thread Thread Group 1-2 
2009/04/05 15:19:37 INFO  - jmeter.threads.JMeterThread: Thread Thread Group 1-1 is done 
2009/04/05 15:19:37 INFO  - jmeter.engine.StandardJMeterEngine: Ending thread Thread Group 1-1 
2009/04/05 15:19:37 INFO  - jmeter.threads.JMeterThread: Thread Thread Group 1-5 is done 
2009/04/05 15:19:37 INFO  - jmeter.engine.StandardJMeterEngine: Ending thread Thread Group 1-5 
2009/04/05 15:19:37 INFO  - jmeter.threads.JMeterThread: Thread Thread Group 1-3 is done 
2009/04/05 15:19:37 INFO  - jmeter.engine.StandardJMeterEngine: Ending thread Thread Group 1-3 
2009/04/05 15:19:37 INFO  - jmeter.engine.StandardJMeterEngine: Stopping test 
2009/04/05 15:19:37 INFO  - jmeter.engine.StandardJMeterEngine: Notifying test listeners of end of test 
2009/04/05 15:19:37 INFO  - jmeter.gui.util.JMeterMenuBar: setRunning(false,*local*) 
2009/04/05 15:19:37 INFO  - jmeter.engine.StandardJMeterEngine: Test has ended 
2009/04/05 15:19:42 INFO  - jmeter.engine.StandardJMeterEngine: Running the test! 
2009/04/05 15:19:42 INFO  - jmeter.gui.util.JMeterMenuBar: setRunning(true,*local*) 
2009/04/05 15:19:42 INFO  - jmeter.engine.StandardJMeterEngine: Starting 5 threads for group Thread Group. Ramp up = 0. 
2009/04/05 15:19:42 INFO  - jmeter.engine.StandardJMeterEngine: Continue on error 
2009/04/05 15:19:42 INFO  - jmeter.threads.JMeterThread: Thread Thread Group 1-1 started 
2009/04/05 15:19:42 INFO  - jmeter.threads.JMeterThread: Thread Thread Group 1-2 started 
2009/04/05 15:19:42 INFO  - jmeter.threads.JMeterThread: Thread Thread Group 1-3 started 
2009/04/05 15:19:42 INFO  - jmeter.threads.JMeterThread: Thread Thread Group 1-5 started 
2009/04/05 15:19:42 INFO  - jmeter.threads.JMeterThread: Thread Thread Group 1-4 started 
2009/04/05 15:19:42 INFO  - jmeter.threads.JMeterThread: Thread Thread Group 1-4 is done 
2009/04/05 15:19:42 INFO  - jmeter.engine.StandardJMeterEngine: Ending thread Thread Group 1-4 
2009/04/05 15:19:42 INFO  - jmeter.threads.JMeterThread: Thread Thread Group 1-1 is done 
2009/04/05 15:19:42 INFO  - jmeter.engine.StandardJMeterEngine: Ending thread Thread Group 1-1 
2009/04/05 15:19:42 INFO  - jmeter.threads.JMeterThread: Thread Thread Group 1-3 is done 
2009/04/05 15:19:42 INFO  - jmeter.engine.StandardJMeterEngine: Ending thread Thread Group 1-3 
2009/04/05 15:19:42 INFO  - jmeter.threads.JMeterThread: Thread Thread Group 1-5 is done 
2009/04/05 15:19:42 INFO  - jmeter.engine.StandardJMeterEngine: Ending thread Thread Group 1-5 
2009/04/05 15:19:43 INFO  - jmeter.threads.JMeterThread: Thread Thread Group 1-2 is done 
2009/04/05 15:19:43 INFO  - jmeter.engine.StandardJMeterEngine: Ending thread Thread Group 1-2 
2009/04/05 15:19:43 INFO  - jmeter.engine.StandardJMeterEngine: Stopping test 
2009/04/05 15:19:43 INFO  - jmeter.engine.StandardJMeterEngine: Notifying test listeners of end of test 
2009/04/05 15:19:43 INFO  - jmeter.gui.util.JMeterMenuBar: setRunning(false,*local*) 
2009/04/05 15:19:43 INFO  - jmeter.engine.StandardJMeterEngine: Test has ended 
2009/04/05 15:19:51 INFO  - jmeter.engine.StandardJMeterEngine: Running the test! 
2009/04/05 15:19:51 INFO  - jmeter.gui.util.JMeterMenuBar: setRunning(true,*local*) 
2009/04/05 15:19:51 INFO  - jmeter.engine.StandardJMeterEngine: Starting 5 threads for group Thread Group. Ramp up = 0. 
2009/04/05 15:19:51 INFO  - jmeter.engine.StandardJMeterEngine: Continue on error 
2009/04/05 15:19:51 INFO  - jmeter.threads.JMeterThread: Thread Thread Group 1-2 started 
2009/04/05 15:19:51 INFO  - jmeter.threads.JMeterThread: Thread Thread Group 1-1 started 
2009/04/05 15:19:51 INFO  - jmeter.threads.JMeterThread: Thread Thread Group 1-4 started 
2009/04/05 15:19:51 INFO  - jmeter.threads.JMeterThread: Thread Thread Group 1-3 started 
2009/04/05 15:19:51 INFO  - jmeter.threads.JMeterThread: Thread Thread Group 1-5 started 
2009/04/05 15:19:52 INFO  - jmeter.threads.JMeterThread: Thread Thread Group 1-1 is done 
2009/04/05 15:19:52 INFO  - jmeter.engine.StandardJMeterEngine: Ending thread Thread Group 1-1 
2009/04/05 15:19:52 INFO  - jmeter.threads.JMeterThread: Thread Thread Group 1-3 is done 
2009/04/05 15:19:52 INFO  - jmeter.engine.StandardJMeterEngine: Ending thread Thread Group 1-3 
2009/04/05 15:19:52 INFO  - jmeter.threads.JMeterThread: Thread Thread Group 1-4 is done 
2009/04/05 15:19:52 INFO  - jmeter.threads.JMeterThread: Thread Thread Group 1-5 is done 
2009/04/05 15:19:52 INFO  - jmeter.engine.StandardJMeterEngine: Ending thread Thread Group 1-4 
2009/04/05 15:19:52 INFO  - jmeter.engine.StandardJMeterEngine: Ending thread Thread Group 1-5 
2009/04/05 15:19:52 INFO  - jmeter.threads.JMeterThread: Thread Thread Group 1-2 is done 
2009/04/05 15:19:52 INFO  - jmeter.engine.StandardJMeterEngine: Ending thread Thread Group 1-2 
2009/04/05 15:19:52 INFO  - jmeter.engine.StandardJMeterEngine: Stopping test 
2009/04/05 15:19:52 INFO  - jmeter.engine.StandardJMeterEngine: Notifying test listeners of end of test 
2009/04/05 15:19:52 INFO  - jmeter.gui.util.JMeterMenuBar: setRunning(false,*local*) 
2009/04/05 15:19:52 INFO  - jmeter.engine.StandardJMeterEngine: Test has ended 
2009/04/05 15:20:02 INFO  - jmeter.engine.StandardJMeterEngine: Running the test! 
2009/04/05 15:20:02 INFO  - jmeter.gui.util.JMeterMenuBar: setRunning(true,*local*) 
2009/04/05 15:20:02 INFO  - jmeter.engine.StandardJMeterEngine: Starting 5 threads for group Thread Group. Ramp up = 0. 
2009/04/05 15:20:02 INFO  - jmeter.engine.StandardJMeterEngine: Continue on error 
2009/04/05 15:20:02 INFO  - jmeter.threads.JMeterThread: Thread Thread Group 1-1 started 
2009/04/05 15:20:02 INFO  - jmeter.threads.JMeterThread: Thread Thread Group 1-3 started 
2009/04/05 15:20:02 INFO  - jmeter.threads.JMeterThread: Thread Thread Group 1-2 started 
2009/04/05 15:20:02 INFO  - jmeter.threads.JMeterThread: Thread Thread Group 1-5 started 
2009/04/05 15:20:02 INFO  - jmeter.threads.JMeterThread: Thread Thread Group 1-4 started 
2009/04/05 15:20:03 INFO  - jmeter.threads.JMeterThread: Thread Thread Group 1-5 is done 
2009/04/05 15:20:03 INFO  - jmeter.engine.StandardJMeterEngine: Ending thread Thread Group 1-5 
2009/04/05 15:20:03 INFO  - jmeter.threads.JMeterThread: Thread Thread Group 1-1 is done 
2009/04/05 15:20:03 INFO  - jmeter.engine.StandardJMeterEngine: Ending thread Thread Group 1-1 
2009/04/05 15:20:03 INFO  - jmeter.threads.JMeterThread: Thread Thread Group 1-3 is done 
2009/04/05 15:20:03 INFO  - jmeter.engine.StandardJMeterEngine: Ending thread Thread Group 1-3 
2009/04/05 15:20:03 INFO  - jmeter.threads.JMeterThread: Thread Thread Group 1-2 is done 
2009/04/05 15:20:03 INFO  - jmeter.engine.StandardJMeterEngine: Ending thread Thread Group 1-2 
2009/04/05 15:20:03 INFO  - jmeter.threads.JMeterThread: Thread Thread Group 1-4 is done 
2009/04/05 15:20:03 INFO  - jmeter.engine.StandardJMeterEngine: Ending thread Thread Group 1-4 
2009/04/05 15:20:03 INFO  - jmeter.engine.StandardJMeterEngine: Stopping test 
2009/04/05 15:20:03 INFO  - jmeter.engine.StandardJMeterEngine: Notifying test listeners of end of test 
2009/04/05 15:20:03 INFO  - jmeter.gui.util.JMeterMenuBar: setRunning(false,*local*) 
2009/04/05 15:20:03 INFO  - jmeter.engine.StandardJMeterEngine: Test has ended 
2009/04/05 15:20:09 INFO  - jmeter.engine.StandardJMeterEngine: Running the test! 
2009/04/05 15:20:09 INFO  - jmeter.gui.util.JMeterMenuBar: setRunning(true,*local*) 
2009/04/05 15:20:10 INFO  - jmeter.engine.StandardJMeterEngine: Starting 5 threads for group Thread Group. Ramp up = 0. 
2009/04/05 15:20:10 INFO  - jmeter.engine.StandardJMeterEngine: Continue on error 
2009/04/05 15:20:10 INFO  - jmeter.threads.JMeterThread: Thread Thread Group 1-1 started 
2009/04/05 15:20:10 INFO  - jmeter.threads.JMeterThread: Thread Thread Group 1-2 started 
2009/04/05 15:20:10 INFO  - jmeter.threads.JMeterThread: Thread Thread Group 1-3 started 
2009/04/05 15:20:10 INFO  - jmeter.threads.JMeterThread: Thread Thread Group 1-5 started 
2009/04/05 15:20:10 INFO  - jmeter.threads.JMeterThread: Thread Thread Group 1-4 started 
2009/04/05 15:20:11 INFO  - jmeter.threads.JMeterThread: Thread Thread Group 1-5 is done 
2009/04/05 15:20:11 INFO  - jmeter.engine.StandardJMeterEngine: Ending thread Thread Group 1-5 
2009/04/05 15:20:11 INFO  - jmeter.threads.JMeterThread: Thread Thread Group 1-1 is done 
2009/04/05 15:20:11 INFO  - jmeter.engine.StandardJMeterEngine: Ending thread Thread Group 1-1 
2009/04/05 15:20:11 INFO  - jmeter.threads.JMeterThread: Thread Thread Group 1-4 is done 
2009/04/05 15:20:11 INFO  - jmeter.engine.StandardJMeterEngine: Ending thread Thread Group 1-4 
2009/04/05 15:20:11 INFO  - jmeter.threads.JMeterThread: Thread Thread Group 1-3 is done 
2009/04/05 15:20:11 INFO  - jmeter.engine.StandardJMeterEngine: Ending thread Thread Group 1-3 
2009/04/05 15:20:11 INFO  - jmeter.threads.JMeterThread: Thread Thread Group 1-2 is done 
2009/04/05 15:20:11 INFO  - jmeter.engine.StandardJMeterEngine: Ending thread Thread Group 1-2 
2009/04/05 15:20:11 INFO  - jmeter.engine.StandardJMeterEngine: Stopping test 
2009/04/05 15:20:11 INFO  - jmeter.engine.StandardJMeterEngine: Notifying test listeners of end of test 
2009/04/05 15:20:11 INFO  - jmeter.gui.util.JMeterMenuBar: setRunning(false,*local*) 
2009/04/05 15:20:11 INFO  - jmeter.engine.StandardJMeterEngine: Test has ended 
2009/04/05 15:20:17 INFO  - jmeter.engine.StandardJMeterEngine: Running the test! 
2009/04/05 15:20:17 INFO  - jmeter.gui.util.JMeterMenuBar: setRunning(true,*local*) 
2009/04/05 15:20:18 INFO  - jmeter.engine.StandardJMeterEngine: Starting 5 threads for group Thread Group. Ramp up = 0. 
2009/04/05 15:20:18 INFO  - jmeter.engine.StandardJMeterEngine: Continue on error 
2009/04/05 15:20:18 INFO  - jmeter.threads.JMeterThread: Thread Thread Group 1-1 started 
2009/04/05 15:20:18 INFO  - jmeter.threads.JMeterThread: Thread Thread Group 1-2 started 
2009/04/05 15:20:18 INFO  - jmeter.threads.JMeterThread: Thread Thread Group 1-4 started 
2009/04/05 15:20:18 INFO  - jmeter.threads.JMeterThread: Thread Thread Group 1-3 started 
2009/04/05 15:20:18 INFO  - jmeter.threads.JMeterThread: Thread Thread Group 1-5 started 
2009/04/05 15:20:19 INFO  - jmeter.threads.JMeterThread: Thread Thread Group 1-3 is done 
2009/04/05 15:20:19 INFO  - jmeter.engine.StandardJMeterEngine: Ending thread Thread Group 1-3 
2009/04/05 15:20:19 INFO  - jmeter.threads.JMeterThread: Thread Thread Group 1-2 is done 
2009/04/05 15:20:19 INFO  - jmeter.engine.StandardJMeterEngine: Ending thread Thread Group 1-2 
2009/04/05 15:20:19 INFO  - jmeter.threads.JMeterThread: Thread Thread Group 1-1 is done 
2009/04/05 15:20:19 INFO  - jmeter.engine.StandardJMeterEngine: Ending thread Thread Group 1-1 
2009/04/05 15:20:19 INFO  - jmeter.threads.JMeterThread: Thread Thread Group 1-4 is done 
2009/04/05 15:20:19 INFO  - jmeter.engine.StandardJMeterEngine: Ending thread Thread Group 1-4 
2009/04/05 15:20:19 INFO  - jmeter.threads.JMeterThread: Thread Thread Group 1-5 is done 
2009/04/05 15:20:19 INFO  - jmeter.engine.StandardJMeterEngine: Ending thread Thread Group 1-5 
2009/04/05 15:20:19 INFO  - jmeter.engine.StandardJMeterEngine: Stopping test 
2009/04/05 15:20:19 INFO  - jmeter.engine.StandardJMeterEngine: Notifying test listeners of end of test 
2009/04/05 15:20:19 INFO  - jmeter.gui.util.JMeterMenuBar: setRunning(false,*local*) 
2009/04/05 15:20:19 INFO  - jmeter.engine.StandardJMeterEngine: Test has ended 
2009/04/05 15:20:29 INFO  - jmeter.engine.StandardJMeterEngine: Running the test! 
2009/04/05 15:20:29 INFO  - jmeter.gui.util.JMeterMenuBar: setRunning(true,*local*) 
2009/04/05 15:20:29 INFO  - jmeter.engine.StandardJMeterEngine: Starting 5 threads for group Thread Group. Ramp up = 0. 
2009/04/05 15:20:29 INFO  - jmeter.engine.StandardJMeterEngine: Continue on error 
2009/04/05 15:20:29 INFO  - jmeter.threads.JMeterThread: Thread Thread Group 1-1 started 
2009/04/05 15:20:29 INFO  - jmeter.threads.JMeterThread: Thread Thread Group 1-2 started 
2009/04/05 15:20:29 INFO  - jmeter.threads.JMeterThread: Thread Thread Group 1-5 started 
2009/04/05 15:20:29 INFO  - jmeter.threads.JMeterThread: Thread Thread Group 1-3 started 
2009/04/05 15:20:29 INFO  - jmeter.threads.JMeterThread: Thread Thread Group 1-4 started 
2009/04/05 15:20:30 INFO  - jmeter.threads.JMeterThread: Thread Thread Group 1-2 is done 
2009/04/05 15:20:30 INFO  - jmeter.engine.StandardJMeterEngine: Ending thread Thread Group 1-2 
2009/04/05 15:20:30 INFO  - jmeter.threads.JMeterThread: Thread Thread Group 1-5 is done 
2009/04/05 15:20:30 INFO  - jmeter.engine.StandardJMeterEngine: Ending thread Thread Group 1-5 
2009/04/05 15:20:30 INFO  - jmeter.threads.JMeterThread: Thread Thread Group 1-1 is done 
2009/04/05 15:20:30 INFO  - jmeter.engine.StandardJMeterEngine: Ending thread Thread Group 1-1 
2009/04/05 15:20:30 INFO  - jmeter.threads.JMeterThread: Thread Thread Group 1-3 is done 
2009/04/05 15:20:30 INFO  - jmeter.engine.StandardJMeterEngine: Ending thread Thread Group 1-3 
2009/04/05 15:20:30 INFO  - jmeter.threads.JMeterThread: Thread Thread Group 1-4 is done 
2009/04/05 15:20:30 INFO  - jmeter.engine.StandardJMeterEngine: Ending thread Thread Group 1-4 
2009/04/05 15:20:30 INFO  - jmeter.engine.StandardJMeterEngine: Stopping test 
2009/04/05 15:20:30 INFO  - jmeter.engine.StandardJMeterEngine: Notifying test listeners of end of test 
2009/04/05 15:20:30 INFO  - jmeter.gui.util.JMeterMenuBar: setRunning(false,*local*) 
2009/04/05 15:20:30 INFO  - jmeter.engine.StandardJMeterEngine: Test has ended 
2009/04/05 15:21:03 INFO  - jmeter.engine.StandardJMeterEngine: Running the test! 
2009/04/05 15:21:03 INFO  - jmeter.gui.util.JMeterMenuBar: setRunning(true,*local*) 
2009/04/05 15:21:03 INFO  - jmeter.engine.StandardJMeterEngine: Starting 100 threads for group Thread Group. Ramp up = 0. 
2009/04/05 15:21:03 INFO  - jmeter.engine.StandardJMeterEngine: Continue on error 
2009/04/05 15:21:03 INFO  - jmeter.threads.JMeterThread: Thread Thread Group 1-1 started 
2009/04/05 15:21:03 INFO  - jmeter.threads.JMeterThread: Thread Thread Group 1-3 started 
2009/04/05 15:21:03 INFO  - jmeter.threads.JMeterThread: Thread Thread Group 1-2 started 
2009/04/05 15:21:03 INFO  - jmeter.threads.JMeterThread: Thread Thread Group 1-5 started 
2009/04/05 15:21:03 INFO  - jmeter.threads.JMeterThread: Thread Thread Group 1-15 started 
2009/04/05 15:21:03 INFO  - jmeter.threads.JMeterThread: Thread Thread Group 1-13 started 
2009/04/05 15:21:03 INFO  - jmeter.threads.JMeterThread: Thread Thread Group 1-11 started 
2009/04/05 15:21:03 INFO  - jmeter.threads.JMeterThread: Thread Thread Group 1-9 started 
2009/04/05 15:21:03 INFO  - jmeter.threads.JMeterThread: Thread Thread Group 1-4 started 
2009/04/05 15:21:03 INFO  - jmeter.threads.JMeterThread: Thread Thread Group 1-6 started 
2009/04/05 15:21:03 INFO  - jmeter.threads.JMeterThread: Thread Thread Group 1-8 started 
2009/04/05 15:21:03 INFO  - jmeter.threads.JMeterThread: Thread Thread Group 1-7 started 
2009/04/05 15:21:03 INFO  - jmeter.threads.JMeterThread: Thread Thread Group 1-12 started 
2009/04/05 15:21:03 INFO  - jmeter.threads.JMeterThread: Thread Thread Group 1-10 started 
2009/04/05 15:21:03 INFO  - jmeter.threads.JMeterThread: Thread Thread Group 1-14 started 
2009/04/05 15:21:03 INFO  - jmeter.threads.JMeterThread: Thread Thread Group 1-17 started 
2009/04/05 15:21:03 INFO  - jmeter.threads.JMeterThread: Thread Thread Group 1-16 started 
2009/04/05 15:21:03 INFO  - jmeter.threads.JMeterThread: Thread Thread Group 1-18 started 
2009/04/05 15:21:03 INFO  - jmeter.threads.JMeterThread: Thread Thread Group 1-22 started 
2009/04/05 15:21:03 INFO  - jmeter.threads.JMeterThread: Thread Thread Group 1-20 started 
2009/04/05 15:21:03 INFO  - jmeter.threads.JMeterThread: Thread Thread Group 1-19 started 
2009/04/05 15:21:03 INFO  - jmeter.threads.JMeterThread: Thread Thread Group 1-24 started 
2009/04/05 15:21:03 INFO  - jmeter.threads.JMeterThread: Thread Thread Group 1-25 started 
2009/04/05 15:21:03 INFO  - jmeter.threads.JMeterThread: Thread Thread Group 1-21 started 
2009/04/05 15:21:03 INFO  - jmeter.threads.JMeterThread: Thread Thread Group 1-27 started 
2009/04/05 15:21:03 INFO  - jmeter.threads.JMeterThread: Thread Thread Group 1-23 started 
2009/04/05 15:21:03 INFO  - jmeter.threads.JMeterThread: Thread Thread Group 1-26 started 
2009/04/05 15:21:03 INFO  - jmeter.threads.JMeterThread: Thread Thread Group 1-28 started 
2009/04/05 15:21:03 INFO  - jmeter.threads.JMeterThread: Thread Thread Group 1-29 started 
2009/04/05 15:21:03 INFO  - jmeter.threads.JMeterThread: Thread Thread Group 1-31 started 
2009/04/05 15:21:03 INFO  - jmeter.threads.JMeterThread: Thread Thread Group 1-30 started 
2009/04/05 15:21:03 INFO  - jmeter.threads.JMeterThread: Thread Thread Group 1-32 started 
2009/04/05 15:21:03 INFO  - jmeter.threads.JMeterThread: Thread Thread Group 1-35 started 
2009/04/05 15:21:03 INFO  - jmeter.threads.JMeterThread: Thread Thread Group 1-33 started 
2009/04/05 15:21:03 INFO  - jmeter.threads.JMeterThread: Thread Thread Group 1-40 started 
2009/04/05 15:21:03 INFO  - jmeter.threads.JMeterThread: Thread Thread Group 1-37 started 
2009/04/05 15:21:03 INFO  - jmeter.threads.JMeterThread: Thread Thread Group 1-38 started 
2009/04/05 15:21:03 INFO  - jmeter.threads.JMeterThread: Thread Thread Group 1-41 started 
2009/04/05 15:21:03 INFO  - jmeter.threads.JMeterThread: Thread Thread Group 1-36 started 
2009/04/05 15:21:03 INFO  - jmeter.threads.JMeterThread: Thread Thread Group 1-39 started 
2009/04/05 15:21:03 INFO  - jmeter.threads.JMeterThread: Thread Thread Group 1-34 started 
2009/04/05 15:21:03 INFO  - jmeter.threads.JMeterThread: Thread Thread Group 1-43 started 
2009/04/05 15:21:03 INFO  - jmeter.threads.JMeterThread: Thread Thread Group 1-42 started 
2009/04/05 15:21:03 INFO  - jmeter.threads.JMeterThread: Thread Thread Group 1-44 started 
2009/04/05 15:21:03 INFO  - jmeter.threads.JMeterThread: Thread Thread Group 1-46 started 
2009/04/05 15:21:03 INFO  - jmeter.threads.JMeterThread: Thread Thread Group 1-47 started 
2009/04/05 15:21:03 INFO  - jmeter.threads.JMeterThread: Thread Thread Group 1-45 started 
2009/04/05 15:21:03 INFO  - jmeter.threads.JMeterThread: Thread Thread Group 1-48 started 
2009/04/05 15:21:03 INFO  - jmeter.threads.JMeterThread: Thread Thread Group 1-49 started 
2009/04/05 15:21:03 INFO  - jmeter.threads.JMeterThread: Thread Thread Group 1-51 started 
2009/04/05 15:21:03 INFO  - jmeter.threads.JMeterThread: Thread Thread Group 1-50 started 
2009/04/05 15:21:03 INFO  - jmeter.threads.JMeterThread: Thread Thread Group 1-52 started 
2009/04/05 15:21:03 INFO  - jmeter.threads.JMeterThread: Thread Thread Group 1-53 started 
2009/04/05 15:21:03 INFO  - jmeter.threads.JMeterThread: Thread Thread Group 1-55 started 
2009/04/05 15:21:03 INFO  - jmeter.threads.JMeterThread: Thread Thread Group 1-58 started 
2009/04/05 15:21:03 INFO  - jmeter.threads.JMeterThread: Thread Thread Group 1-59 started 
2009/04/05 15:21:03 INFO  - jmeter.threads.JMeterThread: Thread Thread Group 1-61 started 
2009/04/05 15:21:03 INFO  - jmeter.threads.JMeterThread: Thread Thread Group 1-57 started 
2009/04/05 15:21:03 INFO  - jmeter.threads.JMeterThread: Thread Thread Group 1-63 started 
2009/04/05 15:21:03 INFO  - jmeter.threads.JMeterThread: Thread Thread Group 1-65 started 
2009/04/05 15:21:03 INFO  - jmeter.threads.JMeterThread: Thread Thread Group 1-67 started 
2009/04/05 15:21:03 INFO  - jmeter.threads.JMeterThread: Thread Thread Group 1-69 started 
2009/04/05 15:21:03 INFO  - jmeter.threads.JMeterThread: Thread Thread Group 1-71 started 
2009/04/05 15:21:03 INFO  - jmeter.threads.JMeterThread: Thread Thread Group 1-72 started 
2009/04/05 15:21:03 INFO  - jmeter.threads.JMeterThread: Thread Thread Group 1-54 started 
2009/04/05 15:21:03 INFO  - jmeter.threads.JMeterThread: Thread Thread Group 1-60 started 
2009/04/05 15:21:03 INFO  - jmeter.threads.JMeterThread: Thread Thread Group 1-56 started 
2009/04/05 15:21:03 INFO  - jmeter.threads.JMeterThread: Thread Thread Group 1-64 started 
2009/04/05 15:21:03 INFO  - jmeter.threads.JMeterThread: Thread Thread Group 1-70 started 
2009/04/05 15:21:03 INFO  - jmeter.threads.JMeterThread: Thread Thread Group 1-66 started 
2009/04/05 15:21:03 INFO  - jmeter.threads.JMeterThread: Thread Thread Group 1-68 started 
2009/04/05 15:21:03 INFO  - jmeter.threads.JMeterThread: Thread Thread Group 1-73 started 
2009/04/05 15:21:03 INFO  - jmeter.threads.JMeterThread: Thread Thread Group 1-62 started 
2009/04/05 15:21:03 INFO  - jmeter.threads.JMeterThread: Thread Thread Group 1-74 started 
2009/04/05 15:21:04 INFO  - jmeter.threads.JMeterThread: Thread Thread Group 1-75 started 
2009/04/05 15:21:04 INFO  - jmeter.threads.JMeterThread: Thread Thread Group 1-76 started 
2009/04/05 15:21:04 INFO  - jmeter.threads.JMeterThread: Thread Thread Group 1-77 started 
2009/04/05 15:21:04 INFO  - jmeter.threads.JMeterThread: Thread Thread Group 1-78 started 
2009/04/05 15:21:04 INFO  - jmeter.threads.JMeterThread: Thread Thread Group 1-79 started 
2009/04/05 15:21:04 INFO  - jmeter.threads.JMeterThread: Thread Thread Group 1-80 started 
2009/04/05 15:21:04 INFO  - jmeter.threads.JMeterThread: Thread Thread Group 1-81 started 
2009/04/05 15:21:04 INFO  - jmeter.threads.JMeterThread: Thread Thread Group 1-82 started 
2009/04/05 15:21:04 INFO  - jmeter.threads.JMeterThread: Thread Thread Group 1-84 started 
2009/04/05 15:21:04 INFO  - jmeter.threads.JMeterThread: Thread Thread Group 1-83 started 
2009/04/05 15:21:04 INFO  - jmeter.threads.JMeterThread: Thread Thread Group 1-85 started 
2009/04/05 15:21:04 INFO  - jmeter.threads.JMeterThread: Thread Thread Group 1-87 started 
2009/04/05 15:21:04 INFO  - jmeter.threads.JMeterThread: Thread Thread Group 1-88 started 
2009/04/05 15:21:04 INFO  - jmeter.threads.JMeterThread: Thread Thread Group 1-89 started 
2009/04/05 15:21:04 INFO  - jmeter.threads.JMeterThread: Thread Thread Group 1-86 started 
2009/04/05 15:21:04 INFO  - jmeter.threads.JMeterThread: Thread Thread Group 1-90 started 
2009/04/05 15:21:04 INFO  - jmeter.threads.JMeterThread: Thread Thread Group 1-93 started 
2009/04/05 15:21:04 INFO  - jmeter.threads.JMeterThread: Thread Thread Group 1-91 started 
2009/04/05 15:21:04 INFO  - jmeter.threads.JMeterThread: Thread Thread Group 1-92 started 
2009/04/05 15:21:04 INFO  - jmeter.threads.JMeterThread: Thread Thread Group 1-94 started 
2009/04/05 15:21:04 INFO  - jmeter.threads.JMeterThread: Thread Thread Group 1-96 started 
2009/04/05 15:21:04 INFO  - jmeter.threads.JMeterThread: Thread Thread Group 1-95 started 
2009/04/05 15:21:04 INFO  - jmeter.threads.JMeterThread: Thread Thread Group 1-97 started 
2009/04/05 15:21:04 INFO  - jmeter.threads.JMeterThread: Thread Thread Group 1-99 started 
2009/04/05 15:21:04 INFO  - jmeter.threads.JMeterThread: Thread Thread Group 1-100 started 
2009/04/05 15:21:04 INFO  - jmeter.threads.JMeterThread: Thread Thread Group 1-98 started 
2009/04/05 15:21:14 INFO  - org.apache.commons.httpclient.HttpMethodDirector: I/O exception (java.net.ConnectException) caught when processing request: Connection refused: connect 
2009/04/05 15:21:14 INFO  - org.apache.commons.httpclient.HttpMethodDirector: I/O exception (java.net.ConnectException) caught when processing request: Connection refused: connect 
2009/04/05 15:21:14 INFO  - org.apache.commons.httpclient.HttpMethodDirector: Retrying request 
2009/04/05 15:21:14 INFO  - org.apache.commons.httpclient.HttpMethodDirector: Retrying request 
2009/04/05 15:21:14 INFO  - org.apache.commons.httpclient.HttpMethodDirector: I/O exception (java.net.ConnectException) caught when processing request: Connection refused: connect 
2009/04/05 15:21:14 INFO  - org.apache.commons.httpclient.HttpMethodDirector: Retrying request 
2009/04/05 15:21:14 INFO  - org.apache.commons.httpclient.HttpMethodDirector: I/O exception (java.net.ConnectException) caught when processing request: Connection refused: connect 
2009/04/05 15:21:14 INFO  - org.apache.commons.httpclient.HttpMethodDirector: Retrying request 
2009/04/05 15:21:15 INFO  - jmeter.threads.JMeterThread: Thread Thread Group 1-15 is done 
2009/04/05 15:21:15 INFO  - jmeter.engine.StandardJMeterEngine: Ending thread Thread Group 1-15 
2009/04/05 15:21:15 INFO  - jmeter.threads.JMeterThread: Thread Thread Group 1-6 is done 
2009/04/05 15:21:15 INFO  - jmeter.engine.StandardJMeterEngine: Ending thread Thread Group 1-6 
2009/04/05 15:21:15 INFO  - jmeter.threads.JMeterThread: Thread Thread Group 1-25 is done 
2009/04/05 15:21:15 INFO  - jmeter.engine.StandardJMeterEngine: Ending thread Thread Group 1-25 
2009/04/05 15:21:15 INFO  - jmeter.threads.JMeterThread: Thread Thread Group 1-12 is done 
2009/04/05 15:21:15 INFO  - jmeter.engine.StandardJMeterEngine: Ending thread Thread Group 1-12 
2009/04/05 15:21:16 INFO  - jmeter.threads.JMeterThread: Thread Thread Group 1-16 is done 
2009/04/05 15:21:16 INFO  - jmeter.engine.StandardJMeterEngine: Ending thread Thread Group 1-16 
2009/04/05 15:21:16 INFO  - jmeter.threads.JMeterThread: Thread Thread Group 1-58 is done 
2009/04/05 15:21:16 INFO  - jmeter.engine.StandardJMeterEngine: Ending thread Thread Group 1-58 
2009/04/05 15:21:16 INFO  - jmeter.threads.JMeterThread: Thread Thread Group 1-24 is done 
2009/04/05 15:21:16 INFO  - jmeter.engine.StandardJMeterEngine: Ending thread Thread Group 1-24 
2009/04/05 15:21:16 INFO  - jmeter.threads.JMeterThread: Thread Thread Group 1-3 is done 
2009/04/05 15:21:16 INFO  - jmeter.engine.StandardJMeterEngine: Ending thread Thread Group 1-3 
2009/04/05 15:21:16 INFO  - jmeter.threads.JMeterThread: Thread Thread Group 1-31 is done 
2009/04/05 15:21:16 INFO  - jmeter.engine.StandardJMeterEngine: Ending thread Thread Group 1-31 
2009/04/05 15:21:16 INFO  - jmeter.threads.JMeterThread: Thread Thread Group 1-2 is done 
2009/04/05 15:21:16 INFO  - jmeter.engine.StandardJMeterEngine: Ending thread Thread Group 1-2 
2009/04/05 15:21:16 INFO  - jmeter.threads.JMeterThread: Thread Thread Group 1-34 is done 
2009/04/05 15:21:16 INFO  - jmeter.engine.StandardJMeterEngine: Ending thread Thread Group 1-34 
2009/04/05 15:21:16 INFO  - jmeter.threads.JMeterThread: Thread Thread Group 1-1 is done 
2009/04/05 15:21:16 INFO  - jmeter.engine.StandardJMeterEngine: Ending thread Thread Group 1-1 
2009/04/05 15:21:16 INFO  - jmeter.threads.JMeterThread: Thread Thread Group 1-29 is done 
2009/04/05 15:21:16 INFO  - jmeter.engine.StandardJMeterEngine: Ending thread Thread Group 1-29 
2009/04/05 15:21:16 INFO  - jmeter.threads.JMeterThread: Thread Thread Group 1-8 is done 
2009/04/05 15:21:16 INFO  - jmeter.engine.StandardJMeterEngine: Ending thread Thread Group 1-8 
2009/04/05 15:21:16 INFO  - jmeter.threads.JMeterThread: Thread Thread Group 1-27 is done 
2009/04/05 15:21:16 INFO  - jmeter.engine.StandardJMeterEngine: Ending thread Thread Group 1-27 
2009/04/05 15:21:16 INFO  - jmeter.threads.JMeterThread: Thread Thread Group 1-36 is done 
2009/04/05 15:21:16 INFO  - jmeter.engine.StandardJMeterEngine: Ending thread Thread Group 1-36 
2009/04/05 15:21:17 INFO  - jmeter.threads.JMeterThread: Thread Thread Group 1-10 is done 
2009/04/05 15:21:17 INFO  - jmeter.engine.StandardJMeterEngine: Ending thread Thread Group 1-10 
2009/04/05 15:21:17 INFO  - jmeter.threads.JMeterThread: Thread Thread Group 1-38 is done 
2009/04/05 15:21:17 INFO  - jmeter.engine.StandardJMeterEngine: Ending thread Thread Group 1-38 
2009/04/05 15:21:17 INFO  - jmeter.threads.JMeterThread: Thread Thread Group 1-52 is done 
2009/04/05 15:21:17 INFO  - jmeter.engine.StandardJMeterEngine: Ending thread Thread Group 1-52 
2009/04/05 15:21:17 INFO  - jmeter.threads.JMeterThread: Thread Thread Group 1-4 is done 
2009/04/05 15:21:17 INFO  - jmeter.engine.StandardJMeterEngine: Ending thread Thread Group 1-4 
2009/04/05 15:21:17 INFO  - jmeter.threads.JMeterThread: Thread Thread Group 1-46 is done 
2009/04/05 15:21:17 INFO  - jmeter.engine.StandardJMeterEngine: Ending thread Thread Group 1-46 
2009/04/05 15:21:17 INFO  - jmeter.threads.JMeterThread: Thread Thread Group 1-32 is done 
2009/04/05 15:21:17 INFO  - jmeter.engine.StandardJMeterEngine: Ending thread Thread Group 1-32 
2009/04/05 15:21:17 INFO  - jmeter.threads.JMeterThread: Thread Thread Group 1-26 is done 
2009/04/05 15:21:17 INFO  - jmeter.engine.StandardJMeterEngine: Ending thread Thread Group 1-26 
2009/04/05 15:21:17 INFO  - jmeter.threads.JMeterThread: Thread Thread Group 1-11 is done 
2009/04/05 15:21:17 INFO  - jmeter.engine.StandardJMeterEngine: Ending thread Thread Group 1-11 
2009/04/05 15:21:17 INFO  - jmeter.threads.JMeterThread: Thread Thread Group 1-78 is done 
2009/04/05 15:21:17 INFO  - jmeter.engine.StandardJMeterEngine: Ending thread Thread Group 1-78 
2009/04/05 15:21:17 INFO  - jmeter.threads.JMeterThread: Thread Thread Group 1-44 is done 
2009/04/05 15:21:17 INFO  - jmeter.engine.StandardJMeterEngine: Ending thread Thread Group 1-44 
2009/04/05 15:21:17 INFO  - jmeter.threads.JMeterThread: Thread Thread Group 1-41 is done 
2009/04/05 15:21:17 INFO  - jmeter.engine.StandardJMeterEngine: Ending thread Thread Group 1-41 
2009/04/05 15:21:17 INFO  - jmeter.threads.JMeterThread: Thread Thread Group 1-37 is done 
2009/04/05 15:21:17 INFO  - jmeter.engine.StandardJMeterEngine: Ending thread Thread Group 1-37 
2009/04/05 15:21:18 INFO  - jmeter.threads.JMeterThread: Thread Thread Group 1-54 is done 
2009/04/05 15:21:18 INFO  - jmeter.engine.StandardJMeterEngine: Ending thread Thread Group 1-54 
2009/04/05 15:21:18 INFO  - jmeter.threads.JMeterThread: Thread Thread Group 1-75 is done 
2009/04/05 15:21:18 INFO  - jmeter.engine.StandardJMeterEngine: Ending thread Thread Group 1-75 
2009/04/05 15:21:18 INFO  - jmeter.threads.JMeterThread: Thread Thread Group 1-97 is done 
2009/04/05 15:21:18 INFO  - jmeter.engine.StandardJMeterEngine: Ending thread Thread Group 1-97 
2009/04/05 15:21:18 INFO  - jmeter.threads.JMeterThread: Thread Thread Group 1-79 is done 
2009/04/05 15:21:18 INFO  - jmeter.engine.StandardJMeterEngine: Ending thread Thread Group 1-79 
2009/04/05 15:21:18 INFO  - jmeter.threads.JMeterThread: Thread Thread Group 1-93 is done 
2009/04/05 15:21:18 INFO  - jmeter.engine.StandardJMeterEngine: Ending thread Thread Group 1-93 
2009/04/05 15:21:18 INFO  - jmeter.threads.JMeterThread: Thread Thread Group 1-86 is done 
2009/04/05 15:21:18 INFO  - jmeter.engine.StandardJMeterEngine: Ending thread Thread Group 1-86 
2009/04/05 15:21:18 INFO  - jmeter.threads.JMeterThread: Thread Thread Group 1-5 is done 
2009/04/05 15:21:18 INFO  - jmeter.engine.StandardJMeterEngine: Ending thread Thread Group 1-5 
2009/04/05 15:21:18 INFO  - jmeter.threads.JMeterThread: Thread Thread Group 1-13 is done 
2009/04/05 15:21:18 INFO  - jmeter.engine.StandardJMeterEngine: Ending thread Thread Group 1-13 
2009/04/05 15:21:18 INFO  - jmeter.threads.JMeterThread: Thread Thread Group 1-63 is done 
2009/04/05 15:21:18 INFO  - jmeter.engine.StandardJMeterEngine: Ending thread Thread Group 1-63 
2009/04/05 15:21:18 INFO  - jmeter.threads.JMeterThread: Thread Thread Group 1-77 is done 
2009/04/05 15:21:18 INFO  - jmeter.engine.StandardJMeterEngine: Ending thread Thread Group 1-77 
2009/04/05 15:21:19 INFO  - jmeter.threads.JMeterThread: Thread Thread Group 1-51 is done 
2009/04/05 15:21:19 INFO  - jmeter.engine.StandardJMeterEngine: Ending thread Thread Group 1-51 
2009/04/05 15:21:19 INFO  - jmeter.threads.JMeterThread: Thread Thread Group 1-92 is done 
2009/04/05 15:21:19 INFO  - jmeter.engine.StandardJMeterEngine: Ending thread Thread Group 1-92 
2009/04/05 15:21:19 INFO  - jmeter.threads.JMeterThread: Thread Thread Group 1-42 is done 
2009/04/05 15:21:19 INFO  - jmeter.engine.StandardJMeterEngine: Ending thread Thread Group 1-42 
2009/04/05 15:21:19 INFO  - jmeter.threads.JMeterThread: Thread Thread Group 1-18 is done 
2009/04/05 15:21:19 INFO  - jmeter.engine.StandardJMeterEngine: Ending thread Thread Group 1-18 
2009/04/05 15:21:19 INFO  - jmeter.threads.JMeterThread: Thread Thread Group 1-17 is done 
2009/04/05 15:21:19 INFO  - jmeter.engine.StandardJMeterEngine: Ending thread Thread Group 1-17 
2009/04/05 15:21:19 INFO  - jmeter.threads.JMeterThread: Thread Thread Group 1-74 is done 
2009/04/05 15:21:19 INFO  - jmeter.engine.StandardJMeterEngine: Ending thread Thread Group 1-74 
2009/04/05 15:21:19 INFO  - jmeter.threads.JMeterThread: Thread Thread Group 1-35 is done 
2009/04/05 15:21:19 INFO  - jmeter.engine.StandardJMeterEngine: Ending thread Thread Group 1-35 
2009/04/05 15:21:19 INFO  - jmeter.threads.JMeterThread: Thread Thread Group 1-30 is done 
2009/04/05 15:21:19 INFO  - jmeter.engine.StandardJMeterEngine: Ending thread Thread Group 1-30 
2009/04/05 15:21:20 INFO  - jmeter.threads.JMeterThread: Thread Thread Group 1-59 is done 
2009/04/05 15:21:20 INFO  - jmeter.engine.StandardJMeterEngine: Ending thread Thread Group 1-59 
2009/04/05 15:21:20 INFO  - jmeter.threads.JMeterThread: Thread Thread Group 1-23 is done 
2009/04/05 15:21:20 INFO  - jmeter.engine.StandardJMeterEngine: Ending thread Thread Group 1-23 
2009/04/05 15:21:20 INFO  - jmeter.threads.JMeterThread: Thread Thread Group 1-94 is done 
2009/04/05 15:21:20 INFO  - jmeter.engine.StandardJMeterEngine: Ending thread Thread Group 1-94 
2009/04/05 15:21:20 INFO  - jmeter.threads.JMeterThread: Thread Thread Group 1-87 is done 
2009/04/05 15:21:20 INFO  - jmeter.engine.StandardJMeterEngine: Ending thread Thread Group 1-87 
2009/04/05 15:21:20 INFO  - jmeter.threads.JMeterThread: Thread Thread Group 1-14 is done 
2009/04/05 15:21:20 INFO  - jmeter.engine.StandardJMeterEngine: Ending thread Thread Group 1-14 
2009/04/05 15:21:20 INFO  - jmeter.threads.JMeterThread: Thread Thread Group 1-7 is done 
2009/04/05 15:21:20 INFO  - jmeter.engine.StandardJMeterEngine: Ending thread Thread Group 1-7 
2009/04/05 15:21:20 INFO  - jmeter.threads.JMeterThread: Thread Thread Group 1-83 is done 
2009/04/05 15:21:20 INFO  - jmeter.engine.StandardJMeterEngine: Ending thread Thread Group 1-83 
2009/04/05 15:21:20 INFO  - jmeter.threads.JMeterThread: Thread Thread Group 1-65 is done 
2009/04/05 15:21:20 INFO  - jmeter.engine.StandardJMeterEngine: Ending thread Thread Group 1-65 
2009/04/05 15:21:20 INFO  - jmeter.threads.JMeterThread: Thread Thread Group 1-89 is done 
2009/04/05 15:21:20 INFO  - jmeter.engine.StandardJMeterEngine: Ending thread Thread Group 1-89 
2009/04/05 15:21:20 INFO  - jmeter.threads.JMeterThread: Thread Thread Group 1-69 is done 
2009/04/05 15:21:20 INFO  - jmeter.engine.StandardJMeterEngine: Ending thread Thread Group 1-69 
2009/04/05 15:21:20 INFO  - jmeter.threads.JMeterThread: Thread Thread Group 1-45 is done 
2009/04/05 15:21:20 INFO  - jmeter.engine.StandardJMeterEngine: Ending thread Thread Group 1-45 
2009/04/05 15:21:20 INFO  - jmeter.threads.JMeterThread: Thread Thread Group 1-60 is done 
2009/04/05 15:21:20 INFO  - jmeter.engine.StandardJMeterEngine: Ending thread Thread Group 1-60 
2009/04/05 15:21:20 INFO  - jmeter.threads.JMeterThread: Thread Thread Group 1-49 is done 
2009/04/05 15:21:20 INFO  - jmeter.engine.StandardJMeterEngine: Ending thread Thread Group 1-49 
2009/04/05 15:21:20 INFO  - jmeter.threads.JMeterThread: Thread Thread Group 1-88 is done 
2009/04/05 15:21:20 INFO  - jmeter.engine.StandardJMeterEngine: Ending thread Thread Group 1-88 
2009/04/05 15:21:21 INFO  - jmeter.threads.JMeterThread: Thread Thread Group 1-62 is done 
2009/04/05 15:21:21 INFO  - jmeter.engine.StandardJMeterEngine: Ending thread Thread Group 1-62 
2009/04/05 15:21:21 INFO  - jmeter.threads.JMeterThread: Thread Thread Group 1-100 is done 
2009/04/05 15:21:21 INFO  - jmeter.engine.StandardJMeterEngine: Ending thread Thread Group 1-100 
2009/04/05 15:21:21 INFO  - jmeter.threads.JMeterThread: Thread Thread Group 1-95 is done 
2009/04/05 15:21:21 INFO  - jmeter.engine.StandardJMeterEngine: Ending thread Thread Group 1-95 
2009/04/05 15:21:21 INFO  - jmeter.threads.JMeterThread: Thread Thread Group 1-99 is done 
2009/04/05 15:21:21 INFO  - jmeter.engine.StandardJMeterEngine: Ending thread Thread Group 1-99 
2009/04/05 15:21:21 INFO  - jmeter.threads.JMeterThread: Thread Thread Group 1-61 is done 
2009/04/05 15:21:21 INFO  - jmeter.engine.StandardJMeterEngine: Ending thread Thread Group 1-61 
2009/04/05 15:21:21 INFO  - jmeter.threads.JMeterThread: Thread Thread Group 1-91 is done 
2009/04/05 15:21:21 INFO  - jmeter.engine.StandardJMeterEngine: Ending thread Thread Group 1-91 
2009/04/05 15:21:21 INFO  - jmeter.threads.JMeterThread: Thread Thread Group 1-9 is done 
2009/04/05 15:21:21 INFO  - jmeter.engine.StandardJMeterEngine: Ending thread Thread Group 1-9 
2009/04/05 15:21:21 INFO  - jmeter.threads.JMeterThread: Thread Thread Group 1-68 is done 
2009/04/05 15:21:21 INFO  - jmeter.engine.StandardJMeterEngine: Ending thread Thread Group 1-68 
2009/04/05 15:21:21 INFO  - jmeter.threads.JMeterThread: Thread Thread Group 1-98 is done 
2009/04/05 15:21:21 INFO  - jmeter.engine.StandardJMeterEngine: Ending thread Thread Group 1-98 
2009/04/05 15:21:21 INFO  - jmeter.threads.JMeterThread: Thread Thread Group 1-20 is done 
2009/04/05 15:21:21 INFO  - jmeter.engine.StandardJMeterEngine: Ending thread Thread Group 1-20 
2009/04/05 15:21:21 INFO  - jmeter.threads.JMeterThread: Thread Thread Group 1-21 is done 
2009/04/05 15:21:21 INFO  - jmeter.engine.StandardJMeterEngine: Ending thread Thread Group 1-21 
2009/04/05 15:21:21 INFO  - jmeter.threads.JMeterThread: Thread Thread Group 1-66 is done 
2009/04/05 15:21:21 INFO  - jmeter.engine.StandardJMeterEngine: Ending thread Thread Group 1-66 
2009/04/05 15:21:21 INFO  - jmeter.threads.JMeterThread: Thread Thread Group 1-72 is done 
2009/04/05 15:21:21 INFO  - jmeter.engine.StandardJMeterEngine: Ending thread Thread Group 1-72 
2009/04/05 15:21:21 INFO  - jmeter.threads.JMeterThread: Thread Thread Group 1-90 is done 
2009/04/05 15:21:21 INFO  - jmeter.engine.StandardJMeterEngine: Ending thread Thread Group 1-90 
2009/04/05 15:21:21 INFO  - jmeter.threads.JMeterThread: Thread Thread Group 1-50 is done 
2009/04/05 15:21:21 INFO  - jmeter.engine.StandardJMeterEngine: Ending thread Thread Group 1-50 
2009/04/05 15:21:21 INFO  - jmeter.threads.JMeterThread: Thread Thread Group 1-82 is done 
2009/04/05 15:21:21 INFO  - jmeter.engine.StandardJMeterEngine: Ending thread Thread Group 1-82 
2009/04/05 15:21:21 INFO  - jmeter.threads.JMeterThread: Thread Thread Group 1-73 is done 
2009/04/05 15:21:21 INFO  - jmeter.engine.StandardJMeterEngine: Ending thread Thread Group 1-73 
2009/04/05 15:21:21 INFO  - jmeter.threads.JMeterThread: Thread Thread Group 1-43 is done 
2009/04/05 15:21:21 INFO  - jmeter.engine.StandardJMeterEngine: Ending thread Thread Group 1-43 
2009/04/05 15:21:21 INFO  - jmeter.threads.JMeterThread: Thread Thread Group 1-40 is done 
2009/04/05 15:21:21 INFO  - jmeter.engine.StandardJMeterEngine: Ending thread Thread Group 1-40 
2009/04/05 15:21:22 INFO  - jmeter.threads.JMeterThread: Thread Thread Group 1-81 is done 
2009/04/05 15:21:22 INFO  - jmeter.engine.StandardJMeterEngine: Ending thread Thread Group 1-81 
2009/04/05 15:21:22 INFO  - jmeter.threads.JMeterThread: Thread Thread Group 1-47 is done 
2009/04/05 15:21:22 INFO  - jmeter.engine.StandardJMeterEngine: Ending thread Thread Group 1-47 
2009/04/05 15:21:22 INFO  - jmeter.threads.JMeterThread: Thread Thread Group 1-57 is done 
2009/04/05 15:21:22 INFO  - jmeter.engine.StandardJMeterEngine: Ending thread Thread Group 1-57 
2009/04/05 15:21:22 INFO  - jmeter.threads.JMeterThread: Thread Thread Group 1-70 is done 
2009/04/05 15:21:22 INFO  - jmeter.engine.StandardJMeterEngine: Ending thread Thread Group 1-70 
2009/04/05 15:21:22 INFO  - jmeter.threads.JMeterThread: Thread Thread Group 1-22 is done 
2009/04/05 15:21:22 INFO  - jmeter.engine.StandardJMeterEngine: Ending thread Thread Group 1-22 
2009/04/05 15:21:22 INFO  - jmeter.threads.JMeterThread: Thread Thread Group 1-33 is done 
2009/04/05 15:21:22 INFO  - jmeter.engine.StandardJMeterEngine: Ending thread Thread Group 1-33 
2009/04/05 15:21:22 INFO  - jmeter.threads.JMeterThread: Thread Thread Group 1-48 is done 
2009/04/05 15:21:22 INFO  - jmeter.engine.StandardJMeterEngine: Ending thread Thread Group 1-48 
2009/04/05 15:21:22 INFO  - jmeter.threads.JMeterThread: Thread Thread Group 1-80 is done 
2009/04/05 15:21:22 INFO  - jmeter.engine.StandardJMeterEngine: Ending thread Thread Group 1-80 
2009/04/05 15:21:22 INFO  - jmeter.threads.JMeterThread: Thread Thread Group 1-76 is done 
2009/04/05 15:21:22 INFO  - jmeter.engine.StandardJMeterEngine: Ending thread Thread Group 1-76 
2009/04/05 15:21:22 INFO  - jmeter.threads.JMeterThread: Thread Thread Group 1-56 is done 
2009/04/05 15:21:22 INFO  - jmeter.engine.StandardJMeterEngine: Ending thread Thread Group 1-56 
2009/04/05 15:21:22 INFO  - jmeter.threads.JMeterThread: Thread Thread Group 1-85 is done 
2009/04/05 15:21:22 INFO  - jmeter.engine.StandardJMeterEngine: Ending thread Thread Group 1-85 
2009/04/05 15:21:22 INFO  - jmeter.threads.JMeterThread: Thread Thread Group 1-67 is done 
2009/04/05 15:21:22 INFO  - jmeter.engine.StandardJMeterEngine: Ending thread Thread Group 1-67 
2009/04/05 15:21:22 INFO  - jmeter.threads.JMeterThread: Thread Thread Group 1-71 is done 
2009/04/05 15:21:22 INFO  - jmeter.engine.StandardJMeterEngine: Ending thread Thread Group 1-71 
2009/04/05 15:21:22 INFO  - jmeter.threads.JMeterThread: Thread Thread Group 1-96 is done 
2009/04/05 15:21:22 INFO  - jmeter.engine.StandardJMeterEngine: Ending thread Thread Group 1-96 
2009/04/05 15:21:22 INFO  - jmeter.threads.JMeterThread: Thread Thread Group 1-53 is done 
2009/04/05 15:21:22 INFO  - jmeter.engine.StandardJMeterEngine: Ending thread Thread Group 1-53 
2009/04/05 15:21:22 INFO  - jmeter.threads.JMeterThread: Thread Thread Group 1-39 is done 
2009/04/05 15:21:22 INFO  - jmeter.engine.StandardJMeterEngine: Ending thread Thread Group 1-39 
2009/04/05 15:21:22 INFO  - jmeter.threads.JMeterThread: Thread Thread Group 1-84 is done 
2009/04/05 15:21:22 INFO  - jmeter.engine.StandardJMeterEngine: Ending thread Thread Group 1-84 
2009/04/05 15:21:22 INFO  - jmeter.threads.JMeterThread: Thread Thread Group 1-19 is done 
2009/04/05 15:21:22 INFO  - jmeter.engine.StandardJMeterEngine: Ending thread Thread Group 1-19 
2009/04/05 15:21:22 INFO  - jmeter.threads.JMeterThread: Thread Thread Group 1-55 is done 
2009/04/05 15:21:22 INFO  - jmeter.engine.StandardJMeterEngine: Ending thread Thread Group 1-55 
2009/04/05 15:21:22 INFO  - jmeter.threads.JMeterThread: Thread Thread Group 1-28 is done 
2009/04/05 15:21:22 INFO  - jmeter.engine.StandardJMeterEngine: Ending thread Thread Group 1-28 
2009/04/05 15:21:22 INFO  - jmeter.threads.JMeterThread: Thread Thread Group 1-64 is done 
2009/04/05 15:21:22 INFO  - jmeter.engine.StandardJMeterEngine: Ending thread Thread Group 1-64 
2009/04/05 15:21:22 INFO  - jmeter.engine.StandardJMeterEngine: Stopping test 
2009/04/05 15:21:22 INFO  - jmeter.engine.StandardJMeterEngine: Notifying test listeners of end of test 
2009/04/05 15:21:22 INFO  - jmeter.gui.util.JMeterMenuBar: setRunning(false,*local*) 
2009/04/05 15:21:22 INFO  - jmeter.engine.StandardJMeterEngine: Test has ended 
2009/04/05 16:10:36 INFO  - jmeter.util.JMeterUtils: Setting Locale to en 
2009/04/05 16:10:43 INFO  - jmeter.util.JMeterUtils: Setting Locale to zh_CN 
2009/04/05 16:39:36 INFO  - jmeter.engine.StandardJMeterEngine: Running the test! 
2009/04/05 16:39:36 INFO  - jmeter.gui.util.JMeterMenuBar: setRunning(true,*local*) 
2009/04/05 16:39:36 INFO  - jmeter.engine.StandardJMeterEngine: Starting 100 threads for group Thread Group. Ramp up = 0. 
2009/04/05 16:39:36 INFO  - jmeter.engine.StandardJMeterEngine: Continue on error 
2009/04/05 16:39:36 INFO  - jmeter.threads.JMeterThread: Thread Thread Group 1-2 started 
2009/04/05 16:39:36 INFO  - jmeter.threads.JMeterThread: Thread Thread Group 1-4 started 
2009/04/05 16:39:36 INFO  - jmeter.threads.JMeterThread: Thread Thread Group 1-6 started 
2009/04/05 16:39:36 INFO  - jmeter.threads.JMeterThread: Thread Thread Group 1-8 started 
2009/04/05 16:39:36 INFO  - jmeter.threads.JMeterThread: Thread Thread Group 1-12 started 
2009/04/05 16:39:36 INFO  - jmeter.threads.JMeterThread: Thread Thread Group 1-10 started 
2009/04/05 16:39:36 INFO  - jmeter.threads.JMeterThread: Thread Thread Group 1-14 started 
2009/04/05 16:39:36 INFO  - jmeter.threads.JMeterThread: Thread Thread Group 1-1 started 
2009/04/05 16:39:36 INFO  - jmeter.threads.JMeterThread: Thread Thread Group 1-3 started 
2009/04/05 16:39:36 INFO  - jmeter.threads.JMeterThread: Thread Thread Group 1-5 started 
2009/04/05 16:39:36 INFO  - jmeter.threads.JMeterThread: Thread Thread Group 1-7 started 
2009/04/05 16:39:36 INFO  - jmeter.threads.JMeterThread: Thread Thread Group 1-9 started 
2009/04/05 16:39:36 INFO  - jmeter.threads.JMeterThread: Thread Thread Group 1-11 started 
2009/04/05 16:39:36 INFO  - jmeter.threads.JMeterThread: Thread Thread Group 1-13 started 
2009/04/05 16:39:36 INFO  - jmeter.threads.JMeterThread: Thread Thread Group 1-15 started 
2009/04/05 16:39:36 INFO  - jmeter.threads.JMeterThread: Thread Thread Group 1-17 started 
2009/04/05 16:39:36 INFO  - jmeter.threads.JMeterThread: Thread Thread Group 1-16 started 
2009/04/05 16:39:36 INFO  - jmeter.threads.JMeterThread: Thread Thread Group 1-19 started 
2009/04/05 16:39:36 INFO  - jmeter.threads.JMeterThread: Thread Thread Group 1-18 started 
2009/04/05 16:39:36 INFO  - jmeter.threads.JMeterThread: Thread Thread Group 1-20 started 
2009/04/05 16:39:36 INFO  - jmeter.threads.JMeterThread: Thread Thread Group 1-21 started 
2009/04/05 16:39:36 INFO  - jmeter.threads.JMeterThread: Thread Thread Group 1-22 started 
2009/04/05 16:39:36 INFO  - jmeter.threads.JMeterThread: Thread Thread Group 1-26 started 
2009/04/05 16:39:36 INFO  - jmeter.threads.JMeterThread: Thread Thread Group 1-23 started 
2009/04/05 16:39:36 INFO  - jmeter.threads.JMeterThread: Thread Thread Group 1-24 started 
2009/04/05 16:39:36 INFO  - jmeter.threads.JMeterThread: Thread Thread Group 1-25 started 
2009/04/05 16:39:36 INFO  - jmeter.threads.JMeterThread: Thread Thread Group 1-28 started 
2009/04/05 16:39:36 INFO  - jmeter.threads.JMeterThread: Thread Thread Group 1-29 started 
2009/04/05 16:39:36 INFO  - jmeter.threads.JMeterThread: Thread Thread Group 1-27 started 
2009/04/05 16:39:36 INFO  - jmeter.threads.JMeterThread: Thread Thread Group 1-30 started 
2009/04/05 16:39:36 INFO  - jmeter.threads.JMeterThread: Thread Thread Group 1-31 started 
2009/04/05 16:39:36 INFO  - jmeter.threads.JMeterThread: Thread Thread Group 1-33 started 
2009/04/05 16:39:36 INFO  - jmeter.threads.JMeterThread: Thread Thread Group 1-40 started 
2009/04/05 16:39:36 INFO  - jmeter.threads.JMeterThread: Thread Thread Group 1-42 started 
2009/04/05 16:39:36 INFO  - jmeter.threads.JMeterThread: Thread Thread Group 1-46 started 
2009/04/05 16:39:36 INFO  - jmeter.threads.JMeterThread: Thread Thread Group 1-32 started 
2009/04/05 16:39:36 INFO  - jmeter.threads.JMeterThread: Thread Thread Group 1-44 started 
2009/04/05 16:39:36 INFO  - jmeter.threads.JMeterThread: Thread Thread Group 1-34 started 
2009/04/05 16:39:36 INFO  - jmeter.threads.JMeterThread: Thread Thread Group 1-36 started 
2009/04/05 16:39:36 INFO  - jmeter.threads.JMeterThread: Thread Thread Group 1-39 started 
2009/04/05 16:39:36 INFO  - jmeter.threads.JMeterThread: Thread Thread Group 1-41 started 
2009/04/05 16:39:36 INFO  - jmeter.threads.JMeterThread: Thread Thread Group 1-43 started 
2009/04/05 16:39:36 INFO  - jmeter.threads.JMeterThread: Thread Thread Group 1-45 started 
2009/04/05 16:39:36 INFO  - jmeter.threads.JMeterThread: Thread Thread Group 1-38 started 
2009/04/05 16:39:36 INFO  - jmeter.threads.JMeterThread: Thread Thread Group 1-47 started 
2009/04/05 16:39:36 INFO  - jmeter.threads.JMeterThread: Thread Thread Group 1-37 started 
2009/04/05 16:39:36 INFO  - jmeter.threads.JMeterThread: Thread Thread Group 1-35 started 
2009/04/05 16:39:36 INFO  - jmeter.threads.JMeterThread: Thread Thread Group 1-48 started 
2009/04/05 16:39:36 INFO  - jmeter.threads.JMeterThread: Thread Thread Group 1-50 started 
2009/04/05 16:39:36 INFO  - jmeter.threads.JMeterThread: Thread Thread Group 1-54 started 
2009/04/05 16:39:36 INFO  - jmeter.threads.JMeterThread: Thread Thread Group 1-52 started 
2009/04/05 16:39:36 INFO  - jmeter.threads.JMeterThread: Thread Thread Group 1-56 started 
2009/04/05 16:39:36 INFO  - jmeter.threads.JMeterThread: Thread Thread Group 1-58 started 
2009/04/05 16:39:36 INFO  - jmeter.threads.JMeterThread: Thread Thread Group 1-60 started 
2009/04/05 16:39:36 INFO  - jmeter.threads.JMeterThread: Thread Thread Group 1-62 started 
2009/04/05 16:39:36 INFO  - jmeter.threads.JMeterThread: Thread Thread Group 1-49 started 
2009/04/05 16:39:36 INFO  - jmeter.threads.JMeterThread: Thread Thread Group 1-51 started 
2009/04/05 16:39:36 INFO  - jmeter.threads.JMeterThread: Thread Thread Group 1-53 started 
2009/04/05 16:39:36 INFO  - jmeter.threads.JMeterThread: Thread Thread Group 1-55 started 
2009/04/05 16:39:36 INFO  - jmeter.threads.JMeterThread: Thread Thread Group 1-57 started 
2009/04/05 16:39:36 INFO  - jmeter.threads.JMeterThread: Thread Thread Group 1-59 started 
2009/04/05 16:39:36 INFO  - jmeter.threads.JMeterThread: Thread Thread Group 1-61 started 
2009/04/05 16:39:36 INFO  - jmeter.threads.JMeterThread: Thread Thread Group 1-63 started 
2009/04/05 16:39:36 INFO  - jmeter.threads.JMeterThread: Thread Thread Group 1-64 started 
2009/04/05 16:39:36 INFO  - jmeter.threads.JMeterThread: Thread Thread Group 1-66 started 
2009/04/05 16:39:36 INFO  - jmeter.threads.JMeterThread: Thread Thread Group 1-68 started 
2009/04/05 16:39:36 INFO  - jmeter.threads.JMeterThread: Thread Thread Group 1-70 started 
2009/04/05 16:39:36 INFO  - jmeter.threads.JMeterThread: Thread Thread Group 1-72 started 
2009/04/05 16:39:36 INFO  - jmeter.threads.JMeterThread: Thread Thread Group 1-74 started 
2009/04/05 16:39:36 INFO  - jmeter.threads.JMeterThread: Thread Thread Group 1-76 started 
2009/04/05 16:39:36 INFO  - jmeter.threads.JMeterThread: Thread Thread Group 1-65 started 
2009/04/05 16:39:36 INFO  - jmeter.threads.JMeterThread: Thread Thread Group 1-67 started 
2009/04/05 16:39:36 INFO  - jmeter.threads.JMeterThread: Thread Thread Group 1-75 started 
2009/04/05 16:39:36 INFO  - jmeter.threads.JMeterThread: Thread Thread Group 1-69 started 
2009/04/05 16:39:36 INFO  - jmeter.threads.JMeterThread: Thread Thread Group 1-71 started 
2009/04/05 16:39:36 INFO  - jmeter.threads.JMeterThread: Thread Thread Group 1-77 started 
2009/04/05 16:39:36 INFO  - jmeter.threads.JMeterThread: Thread Thread Group 1-78 started 
2009/04/05 16:39:36 INFO  - jmeter.threads.JMeterThread: Thread Thread Group 1-73 started 
2009/04/05 16:39:36 INFO  - jmeter.threads.JMeterThread: Thread Thread Group 1-82 started 
2009/04/05 16:39:36 INFO  - jmeter.threads.JMeterThread: Thread Thread Group 1-80 started 
2009/04/05 16:39:36 INFO  - jmeter.threads.JMeterThread: Thread Thread Group 1-84 started 
2009/04/05 16:39:36 INFO  - jmeter.threads.JMeterThread: Thread Thread Group 1-86 started 
2009/04/05 16:39:36 INFO  - jmeter.threads.JMeterThread: Thread Thread Group 1-88 started 
2009/04/05 16:39:36 INFO  - jmeter.threads.JMeterThread: Thread Thread Group 1-90 started 
2009/04/05 16:39:36 INFO  - jmeter.threads.JMeterThread: Thread Thread Group 1-79 started 
2009/04/05 16:39:36 INFO  - jmeter.threads.JMeterThread: Thread Thread Group 1-81 started 
2009/04/05 16:39:36 INFO  - jmeter.threads.JMeterThread: Thread Thread Group 1-83 started 
2009/04/05 16:39:36 INFO  - jmeter.threads.JMeterThread: Thread Thread Group 1-87 started 
2009/04/05 16:39:36 INFO  - jmeter.threads.JMeterThread: Thread Thread Group 1-85 started 
2009/04/05 16:39:36 INFO  - jmeter.threads.JMeterThread: Thread Thread Group 1-91 started 
2009/04/05 16:39:36 INFO  - jmeter.threads.JMeterThread: Thread Thread Group 1-89 started 
2009/04/05 16:39:36 INFO  - jmeter.threads.JMeterThread: Thread Thread Group 1-92 started 
2009/04/05 16:39:36 INFO  - jmeter.threads.JMeterThread: Thread Thread Group 1-93 started 
2009/04/05 16:39:36 INFO  - jmeter.threads.JMeterThread: Thread Thread Group 1-94 started 
2009/04/05 16:39:36 INFO  - jmeter.threads.JMeterThread: Thread Thread Group 1-96 started 
2009/04/05 16:39:36 INFO  - jmeter.threads.JMeterThread: Thread Thread Group 1-98 started 
2009/04/05 16:39:36 INFO  - jmeter.threads.JMeterThread: Thread Thread Group 1-100 started 
2009/04/05 16:39:36 INFO  - jmeter.threads.JMeterThread: Thread Thread Group 1-95 started 
2009/04/05 16:39:36 INFO  - jmeter.threads.JMeterThread: Thread Thread Group 1-97 started 
2009/04/05 16:39:36 INFO  - jmeter.threads.JMeterThread: Thread Thread Group 1-99 started 
2009/04/05 16:39:57 INFO  - jmeter.threads.JMeterThread: Thread Thread Group 1-1 is done 
2009/04/05 16:39:57 INFO  - jmeter.engine.StandardJMeterEngine: Ending thread Thread Group 1-1 
2009/04/05 16:39:57 INFO  - jmeter.threads.JMeterThread: Thread Thread Group 1-13 is done 
2009/04/05 16:39:57 INFO  - jmeter.engine.StandardJMeterEngine: Ending thread Thread Group 1-13 
2009/04/05 16:39:57 INFO  - jmeter.threads.JMeterThread: Thread Thread Group 1-90 is done 
2009/04/05 16:39:57 INFO  - jmeter.engine.StandardJMeterEngine: Ending thread Thread Group 1-90 
2009/04/05 16:39:57 INFO  - jmeter.threads.JMeterThread: Thread Thread Group 1-16 is done 
2009/04/05 16:39:57 INFO  - jmeter.engine.StandardJMeterEngine: Ending thread Thread Group 1-16 
2009/04/05 16:39:57 INFO  - jmeter.threads.JMeterThread: Thread Thread Group 1-81 is done 
2009/04/05 16:39:57 INFO  - jmeter.engine.StandardJMeterEngine: Ending thread Thread Group 1-81 
2009/04/05 16:39:57 INFO  - jmeter.threads.JMeterThread: Thread Thread Group 1-21 is done 
2009/04/05 16:39:57 INFO  - jmeter.engine.StandardJMeterEngine: Ending thread Thread Group 1-21 
2009/04/05 16:39:57 INFO  - jmeter.threads.JMeterThread: Thread Thread Group 1-5 is done 
2009/04/05 16:39:57 INFO  - jmeter.engine.StandardJMeterEngine: Ending thread Thread Group 1-5 
2009/04/05 16:39:57 INFO  - jmeter.threads.JMeterThread: Thread Thread Group 1-31 is done 
2009/04/05 16:39:57 INFO  - jmeter.engine.StandardJMeterEngine: Ending thread Thread Group 1-31 
2009/04/05 16:39:57 INFO  - jmeter.threads.JMeterThread: Thread Thread Group 1-72 is done 
2009/04/05 16:39:57 INFO  - jmeter.engine.StandardJMeterEngine: Ending thread Thread Group 1-72 
2009/04/05 16:39:57 INFO  - jmeter.threads.JMeterThread: Thread Thread Group 1-11 is done 
2009/04/05 16:39:57 INFO  - jmeter.engine.StandardJMeterEngine: Ending thread Thread Group 1-11 
2009/04/05 16:39:57 INFO  - jmeter.threads.JMeterThread: Thread Thread Group 1-82 is done 
2009/04/05 16:39:57 INFO  - jmeter.engine.StandardJMeterEngine: Ending thread Thread Group 1-82 
2009/04/05 16:39:57 INFO  - jmeter.threads.JMeterThread: Thread Thread Group 1-12 is done 
2009/04/05 16:39:57 INFO  - jmeter.engine.StandardJMeterEngine: Ending thread Thread Group 1-12 
2009/04/05 16:39:57 INFO  - jmeter.threads.JMeterThread: Thread Thread Group 1-2 is done 
2009/04/05 16:39:57 INFO  - jmeter.engine.StandardJMeterEngine: Ending thread Thread Group 1-2 
2009/04/05 16:39:57 INFO  - jmeter.threads.JMeterThread: Thread Thread Group 1-76 is done 
2009/04/05 16:39:57 INFO  - jmeter.engine.StandardJMeterEngine: Ending thread Thread Group 1-76 
2009/04/05 16:39:57 INFO  - jmeter.threads.JMeterThread: Thread Thread Group 1-19 is done 
2009/04/05 16:39:57 INFO  - jmeter.engine.StandardJMeterEngine: Ending thread Thread Group 1-19 
2009/04/05 16:39:58 INFO  - jmeter.threads.JMeterThread: Thread Thread Group 1-67 is done 
2009/04/05 16:39:58 INFO  - jmeter.engine.StandardJMeterEngine: Ending thread Thread Group 1-67 
2009/04/05 16:39:58 INFO  - jmeter.threads.JMeterThread: Thread Thread Group 1-8 is done 
2009/04/05 16:39:58 INFO  - jmeter.engine.StandardJMeterEngine: Ending thread Thread Group 1-8 
2009/04/05 16:39:58 INFO  - jmeter.threads.JMeterThread: Thread Thread Group 1-49 is done 
2009/04/05 16:39:58 INFO  - jmeter.engine.StandardJMeterEngine: Ending thread Thread Group 1-49 
2009/04/05 16:39:58 INFO  - jmeter.threads.JMeterThread: Thread Thread Group 1-73 is done 
2009/04/05 16:39:58 INFO  - jmeter.engine.StandardJMeterEngine: Ending thread Thread Group 1-73 
2009/04/05 16:39:58 INFO  - jmeter.threads.JMeterThread: Thread Thread Group 1-7 is done 
2009/04/05 16:39:58 INFO  - jmeter.engine.StandardJMeterEngine: Ending thread Thread Group 1-7 
2009/04/05 16:39:58 INFO  - jmeter.threads.JMeterThread: Thread Thread Group 1-71 is done 
2009/04/05 16:39:58 INFO  - jmeter.engine.StandardJMeterEngine: Ending thread Thread Group 1-71 
2009/04/05 16:39:58 INFO  - jmeter.threads.JMeterThread: Thread Thread Group 1-18 is done 
2009/04/05 16:39:58 INFO  - jmeter.engine.StandardJMeterEngine: Ending thread Thread Group 1-18 
2009/04/05 16:39:58 INFO  - jmeter.threads.JMeterThread: Thread Thread Group 1-70 is done 
2009/04/05 16:39:58 INFO  - jmeter.engine.StandardJMeterEngine: Ending thread Thread Group 1-70 
2009/04/05 16:39:58 INFO  - jmeter.threads.JMeterThread: Thread Thread Group 1-61 is done 
2009/04/05 16:39:58 INFO  - jmeter.engine.StandardJMeterEngine: Ending thread Thread Group 1-61 
2009/04/05 16:39:58 INFO  - jmeter.threads.JMeterThread: Thread Thread Group 1-77 is done 
2009/04/05 16:39:58 INFO  - jmeter.engine.StandardJMeterEngine: Ending thread Thread Group 1-77 
2009/04/05 16:39:58 INFO  - jmeter.threads.JMeterThread: Thread Thread Group 1-57 is done 
2009/04/05 16:39:58 INFO  - jmeter.engine.StandardJMeterEngine: Ending thread Thread Group 1-57 
2009/04/05 16:39:58 INFO  - jmeter.threads.JMeterThread: Thread Thread Group 1-84 is done 
2009/04/05 16:39:58 INFO  - jmeter.engine.StandardJMeterEngine: Ending thread Thread Group 1-84 
2009/04/05 16:39:58 INFO  - jmeter.threads.JMeterThread: Thread Thread Group 1-79 is done 
2009/04/05 16:39:58 INFO  - jmeter.engine.StandardJMeterEngine: Ending thread Thread Group 1-79 
2009/04/05 16:39:58 INFO  - jmeter.threads.JMeterThread: Thread Thread Group 1-59 is done 
2009/04/05 16:39:58 INFO  - jmeter.engine.StandardJMeterEngine: Ending thread Thread Group 1-59 
2009/04/05 16:39:58 INFO  - jmeter.threads.JMeterThread: Thread Thread Group 1-17 is done 
2009/04/05 16:39:58 INFO  - jmeter.engine.StandardJMeterEngine: Ending thread Thread Group 1-17 
2009/04/05 16:39:58 INFO  - jmeter.threads.JMeterThread: Thread Thread Group 1-33 is done 
2009/04/05 16:39:58 INFO  - jmeter.engine.StandardJMeterEngine: Ending thread Thread Group 1-33 
2009/04/05 16:39:58 INFO  - jmeter.threads.JMeterThread: Thread Thread Group 1-91 is done 
2009/04/05 16:39:58 INFO  - jmeter.engine.StandardJMeterEngine: Ending thread Thread Group 1-91 
2009/04/05 16:39:59 INFO  - jmeter.threads.JMeterThread: Thread Thread Group 1-45 is done 
2009/04/05 16:39:59 INFO  - jmeter.engine.StandardJMeterEngine: Ending thread Thread Group 1-45 
2009/04/05 16:39:59 INFO  - jmeter.threads.JMeterThread: Thread Thread Group 1-62 is done 
2009/04/05 16:39:59 INFO  - jmeter.engine.StandardJMeterEngine: Ending thread Thread Group 1-62 
2009/04/05 16:39:59 INFO  - jmeter.threads.JMeterThread: Thread Thread Group 1-63 is done 
2009/04/05 16:39:59 INFO  - jmeter.engine.StandardJMeterEngine: Ending thread Thread Group 1-63 
2009/04/05 16:39:59 INFO  - jmeter.threads.JMeterThread: Thread Thread Group 1-86 is done 
2009/04/05 16:39:59 INFO  - jmeter.engine.StandardJMeterEngine: Ending thread Thread Group 1-86 
2009/04/05 16:39:59 INFO  - jmeter.threads.JMeterThread: Thread Thread Group 1-14 is done 
2009/04/05 16:39:59 INFO  - jmeter.engine.StandardJMeterEngine: Ending thread Thread Group 1-14 
2009/04/05 16:39:59 INFO  - jmeter.threads.JMeterThread: Thread Thread Group 1-30 is done 
2009/04/05 16:39:59 INFO  - jmeter.engine.StandardJMeterEngine: Ending thread Thread Group 1-30 
2009/04/05 16:39:59 INFO  - jmeter.threads.JMeterThread: Thread Thread Group 1-20 is done 
2009/04/05 16:39:59 INFO  - jmeter.engine.StandardJMeterEngine: Ending thread Thread Group 1-20 
2009/04/05 16:39:59 INFO  - jmeter.threads.JMeterThread: Thread Thread Group 1-3 is done 
2009/04/05 16:39:59 INFO  - jmeter.engine.StandardJMeterEngine: Ending thread Thread Group 1-3 
2009/04/05 16:39:59 INFO  - jmeter.threads.JMeterThread: Thread Thread Group 1-83 is done 
2009/04/05 16:39:59 INFO  - jmeter.engine.StandardJMeterEngine: Ending thread Thread Group 1-83 
2009/04/05 16:39:59 INFO  - jmeter.threads.JMeterThread: Thread Thread Group 1-64 is done 
2009/04/05 16:39:59 INFO  - jmeter.engine.StandardJMeterEngine: Ending thread Thread Group 1-64 
2009/04/05 16:39:59 INFO  - jmeter.threads.JMeterThread: Thread Thread Group 1-55 is done 
2009/04/05 16:39:59 INFO  - jmeter.engine.StandardJMeterEngine: Ending thread Thread Group 1-55 
2009/04/05 16:39:59 INFO  - jmeter.threads.JMeterThread: Thread Thread Group 1-43 is done 
2009/04/05 16:39:59 INFO  - jmeter.engine.StandardJMeterEngine: Ending thread Thread Group 1-43 
2009/04/05 16:39:59 INFO  - jmeter.threads.JMeterThread: Thread Thread Group 1-53 is done 
2009/04/05 16:39:59 INFO  - jmeter.engine.StandardJMeterEngine: Ending thread Thread Group 1-53 
2009/04/05 16:39:59 INFO  - jmeter.threads.JMeterThread: Thread Thread Group 1-74 is done 
2009/04/05 16:39:59 INFO  - jmeter.engine.StandardJMeterEngine: Ending thread Thread Group 1-74 
2009/04/05 16:39:59 INFO  - jmeter.threads.JMeterThread: Thread Thread Group 1-95 is done 
2009/04/05 16:39:59 INFO  - jmeter.engine.StandardJMeterEngine: Ending thread Thread Group 1-95 
2009/04/05 16:39:59 INFO  - jmeter.threads.JMeterThread: Thread Thread Group 1-65 is done 
2009/04/05 16:39:59 INFO  - jmeter.engine.StandardJMeterEngine: Ending thread Thread Group 1-65 
2009/04/05 16:39:59 INFO  - jmeter.threads.JMeterThread: Thread Thread Group 1-87 is done 
2009/04/05 16:39:59 INFO  - jmeter.engine.StandardJMeterEngine: Ending thread Thread Group 1-87 
2009/04/05 16:39:59 INFO  - jmeter.threads.JMeterThread: Thread Thread Group 1-48 is done 
2009/04/05 16:39:59 INFO  - jmeter.engine.StandardJMeterEngine: Ending thread Thread Group 1-48 
2009/04/05 16:39:59 INFO  - jmeter.threads.JMeterThread: Thread Thread Group 1-27 is done 
2009/04/05 16:39:59 INFO  - jmeter.engine.StandardJMeterEngine: Ending thread Thread Group 1-27 
2009/04/05 16:39:59 INFO  - jmeter.threads.JMeterThread: Thread Thread Group 1-80 is done 
2009/04/05 16:39:59 INFO  - jmeter.engine.StandardJMeterEngine: Ending thread Thread Group 1-80 
2009/04/05 16:39:59 INFO  - jmeter.threads.JMeterThread: Thread Thread Group 1-69 is done 
2009/04/05 16:39:59 INFO  - jmeter.engine.StandardJMeterEngine: Ending thread Thread Group 1-69 
2009/04/05 16:40:00 INFO  - jmeter.threads.JMeterThread: Thread Thread Group 1-93 is done 
2009/04/05 16:40:00 INFO  - jmeter.engine.StandardJMeterEngine: Ending thread Thread Group 1-93 
2009/04/05 16:40:00 INFO  - jmeter.threads.JMeterThread: Thread Thread Group 1-4 is done 
2009/04/05 16:40:00 INFO  - jmeter.engine.StandardJMeterEngine: Ending thread Thread Group 1-4 
2009/04/05 16:40:00 INFO  - jmeter.threads.JMeterThread: Thread Thread Group 1-85 is done 
2009/04/05 16:40:00 INFO  - jmeter.engine.StandardJMeterEngine: Ending thread Thread Group 1-85 
2009/04/05 16:40:00 INFO  - jmeter.threads.JMeterThread: Thread Thread Group 1-78 is done 
2009/04/05 16:40:00 INFO  - jmeter.engine.StandardJMeterEngine: Ending thread Thread Group 1-78 
2009/04/05 16:40:00 INFO  - jmeter.threads.JMeterThread: Thread Thread Group 1-75 is done 
2009/04/05 16:40:00 INFO  - jmeter.engine.StandardJMeterEngine: Ending thread Thread Group 1-75 
2009/04/05 16:40:00 INFO  - jmeter.threads.JMeterThread: Thread Thread Group 1-66 is done 
2009/04/05 16:40:00 INFO  - jmeter.engine.StandardJMeterEngine: Ending thread Thread Group 1-66 
2009/04/05 16:40:00 INFO  - jmeter.threads.JMeterThread: Thread Thread Group 1-47 is done 
2009/04/05 16:40:00 INFO  - jmeter.engine.StandardJMeterEngine: Ending thread Thread Group 1-47 
2009/04/05 16:40:00 INFO  - jmeter.threads.JMeterThread: Thread Thread Group 1-9 is done 
2009/04/05 16:40:00 INFO  - jmeter.engine.StandardJMeterEngine: Ending thread Thread Group 1-9 
2009/04/05 16:40:00 INFO  - jmeter.threads.JMeterThread: Thread Thread Group 1-60 is done 
2009/04/05 16:40:00 INFO  - jmeter.engine.StandardJMeterEngine: Ending thread Thread Group 1-60 
2009/04/05 16:40:00 INFO  - jmeter.threads.JMeterThread: Thread Thread Group 1-6 is done 
2009/04/05 16:40:00 INFO  - jmeter.engine.StandardJMeterEngine: Ending thread Thread Group 1-6 
2009/04/05 16:40:00 INFO  - jmeter.threads.JMeterThread: Thread Thread Group 1-15 is done 
2009/04/05 16:40:00 INFO  - jmeter.engine.StandardJMeterEngine: Ending thread Thread Group 1-15 
2009/04/05 16:40:00 INFO  - jmeter.threads.JMeterThread: Thread Thread Group 1-41 is done 
2009/04/05 16:40:00 INFO  - jmeter.engine.StandardJMeterEngine: Ending thread Thread Group 1-41 
2009/04/05 16:40:00 INFO  - jmeter.threads.JMeterThread: Thread Thread Group 1-40 is done 
2009/04/05 16:40:00 INFO  - jmeter.engine.StandardJMeterEngine: Ending thread Thread Group 1-40 
2009/04/05 16:40:00 INFO  - jmeter.threads.JMeterThread: Thread Thread Group 1-68 is done 
2009/04/05 16:40:00 INFO  - jmeter.engine.StandardJMeterEngine: Ending thread Thread Group 1-68 
2009/04/05 16:40:00 INFO  - jmeter.threads.JMeterThread: Thread Thread Group 1-35 is done 
2009/04/05 16:40:00 INFO  - jmeter.engine.StandardJMeterEngine: Ending thread Thread Group 1-35 
2009/04/05 16:40:00 INFO  - jmeter.threads.JMeterThread: Thread Thread Group 1-98 is done 
2009/04/05 16:40:00 INFO  - jmeter.engine.StandardJMeterEngine: Ending thread Thread Group 1-98 
2009/04/05 16:40:00 INFO  - jmeter.threads.JMeterThread: Thread Thread Group 1-10 is done 
2009/04/05 16:40:00 INFO  - jmeter.engine.StandardJMeterEngine: Ending thread Thread Group 1-10 
2009/04/05 16:40:00 INFO  - jmeter.threads.JMeterThread: Thread Thread Group 1-24 is done 
2009/04/05 16:40:00 INFO  - jmeter.engine.StandardJMeterEngine: Ending thread Thread Group 1-24 
2009/04/05 16:40:00 INFO  - jmeter.threads.JMeterThread: Thread Thread Group 1-32 is done 
2009/04/05 16:40:00 INFO  - jmeter.engine.StandardJMeterEngine: Ending thread Thread Group 1-32 
2009/04/05 16:40:00 INFO  - jmeter.threads.JMeterThread: Thread Thread Group 1-56 is done 
2009/04/05 16:40:00 INFO  - jmeter.engine.StandardJMeterEngine: Ending thread Thread Group 1-56 
2009/04/05 16:40:00 INFO  - jmeter.threads.JMeterThread: Thread Thread Group 1-94 is done 
2009/04/05 16:40:00 INFO  - jmeter.engine.StandardJMeterEngine: Ending thread Thread Group 1-94 
2009/04/05 16:40:00 INFO  - jmeter.threads.JMeterThread: Thread Thread Group 1-58 is done 
2009/04/05 16:40:00 INFO  - jmeter.engine.StandardJMeterEngine: Ending thread Thread Group 1-58 
2009/04/05 16:40:00 INFO  - jmeter.threads.JMeterThread: Thread Thread Group 1-29 is done 
2009/04/05 16:40:00 INFO  - jmeter.engine.StandardJMeterEngine: Ending thread Thread Group 1-29 
2009/04/05 16:40:00 INFO  - jmeter.threads.JMeterThread: Thread Thread Group 1-51 is done 
2009/04/05 16:40:00 INFO  - jmeter.engine.StandardJMeterEngine: Ending thread Thread Group 1-51 
2009/04/05 16:40:00 INFO  - jmeter.threads.JMeterThread: Thread Thread Group 1-46 is done 
2009/04/05 16:40:00 INFO  - jmeter.engine.StandardJMeterEngine: Ending thread Thread Group 1-46 
2009/04/05 16:40:00 INFO  - jmeter.threads.JMeterThread: Thread Thread Group 1-34 is done 
2009/04/05 16:40:00 INFO  - jmeter.engine.StandardJMeterEngine: Ending thread Thread Group 1-34 
2009/04/05 16:40:00 INFO  - jmeter.threads.JMeterThread: Thread Thread Group 1-37 is done 
2009/04/05 16:40:00 INFO  - jmeter.engine.StandardJMeterEngine: Ending thread Thread Group 1-37 
2009/04/05 16:40:00 INFO  - jmeter.threads.JMeterThread: Thread Thread Group 1-28 is done 
2009/04/05 16:40:00 INFO  - jmeter.engine.StandardJMeterEngine: Ending thread Thread Group 1-28 
2009/04/05 16:40:00 INFO  - jmeter.threads.JMeterThread: Thread Thread Group 1-25 is done 
2009/04/05 16:40:00 INFO  - jmeter.engine.StandardJMeterEngine: Ending thread Thread Group 1-25 
2009/04/05 16:40:00 INFO  - jmeter.threads.JMeterThread: Thread Thread Group 1-96 is done 
2009/04/05 16:40:00 INFO  - jmeter.engine.StandardJMeterEngine: Ending thread Thread Group 1-96 
2009/04/05 16:40:00 INFO  - jmeter.threads.JMeterThread: Thread Thread Group 1-36 is done 
2009/04/05 16:40:00 INFO  - jmeter.engine.StandardJMeterEngine: Ending thread Thread Group 1-36 
2009/04/05 16:40:00 INFO  - jmeter.threads.JMeterThread: Thread Thread Group 1-39 is done 
2009/04/05 16:40:00 INFO  - jmeter.engine.StandardJMeterEngine: Ending thread Thread Group 1-39 
2009/04/05 16:40:00 INFO  - jmeter.threads.JMeterThread: Thread Thread Group 1-42 is done 
2009/04/05 16:40:00 INFO  - jmeter.engine.StandardJMeterEngine: Ending thread Thread Group 1-42 
2009/04/05 16:40:00 INFO  - jmeter.threads.JMeterThread: Thread Thread Group 1-97 is done 
2009/04/05 16:40:00 INFO  - jmeter.engine.StandardJMeterEngine: Ending thread Thread Group 1-97 
2009/04/05 16:40:00 INFO  - jmeter.threads.JMeterThread: Thread Thread Group 1-92 is done 
2009/04/05 16:40:00 INFO  - jmeter.engine.StandardJMeterEngine: Ending thread Thread Group 1-92 
2009/04/05 16:40:00 INFO  - jmeter.threads.JMeterThread: Thread Thread Group 1-44 is done 
2009/04/05 16:40:00 INFO  - jmeter.engine.StandardJMeterEngine: Ending thread Thread Group 1-44 
2009/04/05 16:40:00 INFO  - jmeter.threads.JMeterThread: Thread Thread Group 1-38 is done 
2009/04/05 16:40:00 INFO  - jmeter.engine.StandardJMeterEngine: Ending thread Thread Group 1-38 
2009/04/05 16:40:00 INFO  - jmeter.threads.JMeterThread: Thread Thread Group 1-52 is done 
2009/04/05 16:40:00 INFO  - jmeter.engine.StandardJMeterEngine: Ending thread Thread Group 1-52 
2009/04/05 16:40:00 INFO  - jmeter.threads.JMeterThread: Thread Thread Group 1-26 is done 
2009/04/05 16:40:00 INFO  - jmeter.engine.StandardJMeterEngine: Ending thread Thread Group 1-26 
2009/04/05 16:40:00 INFO  - jmeter.threads.JMeterThread: Thread Thread Group 1-88 is done 
2009/04/05 16:40:00 INFO  - jmeter.engine.StandardJMeterEngine: Ending thread Thread Group 1-88 
2009/04/05 16:40:00 INFO  - jmeter.threads.JMeterThread: Thread Thread Group 1-99 is done 
2009/04/05 16:40:00 INFO  - jmeter.engine.StandardJMeterEngine: Ending thread Thread Group 1-99 
2009/04/05 16:40:00 INFO  - jmeter.threads.JMeterThread: Thread Thread Group 1-50 is done 
2009/04/05 16:40:00 INFO  - jmeter.engine.StandardJMeterEngine: Ending thread Thread Group 1-50 
2009/04/05 16:40:00 INFO  - jmeter.threads.JMeterThread: Thread Thread Group 1-54 is done 
2009/04/05 16:40:00 INFO  - jmeter.engine.StandardJMeterEngine: Ending thread Thread Group 1-54 
2009/04/05 16:40:00 INFO  - jmeter.threads.JMeterThread: Thread Thread Group 1-89 is done 
2009/04/05 16:40:00 INFO  - jmeter.engine.StandardJMeterEngine: Ending thread Thread Group 1-89 
2009/04/05 16:40:00 INFO  - jmeter.threads.JMeterThread: Thread Thread Group 1-23 is done 
2009/04/05 16:40:00 INFO  - jmeter.engine.StandardJMeterEngine: Ending thread Thread Group 1-23 
2009/04/05 16:40:00 INFO  - jmeter.threads.JMeterThread: Thread Thread Group 1-22 is done 
2009/04/05 16:40:00 INFO  - jmeter.engine.StandardJMeterEngine: Ending thread Thread Group 1-22 
2009/04/05 16:40:00 INFO  - jmeter.threads.JMeterThread: Thread Thread Group 1-100 is done 
2009/04/05 16:40:00 INFO  - jmeter.engine.StandardJMeterEngine: Ending thread Thread Group 1-100 
2009/04/05 16:40:00 INFO  - jmeter.engine.StandardJMeterEngine: Stopping test 
2009/04/05 16:40:00 INFO  - jmeter.engine.StandardJMeterEngine: Notifying test listeners of end of test 
2009/04/05 16:40:00 INFO  - jmeter.gui.util.JMeterMenuBar: setRunning(false,*local*) 
2009/04/05 16:40:00 INFO  - jmeter.engine.StandardJMeterEngine: Test has ended 
